<?xml version="1.0" encoding="UTF-8"?>
<coverage generated="1548266564173" clover="3.2.0">
  <project timestamp="1548266564174" name="All files">
    <metrics statements="105" coveredstatements="91" conditionals="84" coveredconditionals="73" methods="64" coveredmethods="58" elements="253" coveredelements="222" complexity="0" loc="105" ncloc="105" packages="1" files="7" classes="7">
      <file name="array.js" path="C:\Users\jofun\Desktop\usuallyjs\src\array.js">
        <metrics statements="6" coveredstatements="6" conditionals="5" coveredconditionals="5" methods="6" coveredmethods="6"/>
        <line num="16" count="2" type="stmt"/>
        <line num="28" count="1" type="stmt"/>
        <line num="39" count="1" type="stmt"/>
        <line num="41" count="7" type="cond" truecount="2" falsecount="0"/>
        <line num="61" count="1" type="cond" truecount="1" falsecount="0"/>
        <line num="62" count="3" type="cond" truecount="2" falsecount="0"/>
      </file>
      <file name="date.js" path="C:\Users\jofun\Desktop\usuallyjs\src\date.js">
        <metrics statements="22" coveredstatements="22" conditionals="13" coveredconditionals="10" methods="8" coveredmethods="8"/>
        <line num="19" count="1" type="cond" truecount="2" falsecount="0"/>
        <line num="20" count="5" type="stmt"/>
        <line num="21" count="105" type="cond" truecount="2" falsecount="0"/>
        <line num="22" count="5" type="stmt"/>
        <line num="24" count="21" type="cond" truecount="1" falsecount="1"/>
        <line num="47" count="1" type="cond" truecount="1" falsecount="0"/>
        <line num="48" count="5" type="stmt"/>
        <line num="49" count="5" type="stmt"/>
        <line num="50" count="5" type="stmt"/>
        <line num="51" count="5" type="stmt"/>
        <line num="70" count="1" type="cond" truecount="2" falsecount="0"/>
        <line num="71" count="7" type="stmt"/>
        <line num="72" count="7" type="cond" truecount="2" falsecount="0"/>
        <line num="95" count="1" type="cond" truecount="0" falsecount="1"/>
        <line num="96" count="3" type="stmt"/>
        <line num="97" count="3" type="stmt"/>
        <line num="98" count="3" type="stmt"/>
        <line num="119" count="1" type="cond" truecount="0" falsecount="1"/>
        <line num="120" count="3" type="stmt"/>
        <line num="121" count="3" type="stmt"/>
        <line num="122" count="3" type="stmt"/>
        <line num="138" count="2" type="stmt"/>
      </file>
      <file name="function.js" path="C:\Users\jofun\Desktop\usuallyjs\src\function.js">
        <metrics statements="23" coveredstatements="9" conditionals="7" coveredconditionals="2" methods="10" coveredmethods="4"/>
        <line num="13" count="1" type="stmt"/>
        <line num="14" count="1" type="stmt"/>
        <line num="15" count="1" type="stmt"/>
        <line num="16" count="2" type="cond" truecount="2" falsecount="0"/>
        <line num="17" count="1" type="stmt"/>
        <line num="18" count="1" type="stmt"/>
        <line num="38" count="1" type="stmt"/>
        <line num="53" count="1" type="cond" truecount="0" falsecount="1"/>
        <line num="55" count="0" type="stmt"/>
        <line num="56" count="0" type="stmt"/>
        <line num="57" count="0" type="stmt"/>
        <line num="74" count="1" type="stmt"/>
        <line num="76" count="0" type="stmt"/>
        <line num="77" count="0" type="stmt"/>
        <line num="78" count="0" type="cond" truecount="0" falsecount="2"/>
        <line num="79" count="0" type="stmt"/>
        <line num="80" count="0" type="stmt"/>
        <line num="81" count="0" type="stmt"/>
        <line num="83" count="0" type="stmt"/>
        <line num="84" count="0" type="stmt"/>
        <line num="85" count="0" type="cond" truecount="0" falsecount="2"/>
        <line num="86" count="0" type="stmt"/>
        <line num="87" count="0" type="stmt"/>
      </file>
      <file name="number.js" path="C:\Users\jofun\Desktop\usuallyjs\src\number.js">
        <metrics statements="10" coveredstatements="10" conditionals="26" coveredconditionals="26" methods="6" coveredmethods="6"/>
        <line num="19" count="3" type="stmt"/>
        <line num="46" count="1" type="cond" truecount="1" falsecount="0"/>
        <line num="47" count="6" type="cond" truecount="4" falsecount="0"/>
        <line num="49" count="6" type="cond" truecount="2" falsecount="0"/>
        <line num="76" count="1" type="cond" truecount="1" falsecount="0"/>
        <line num="77" count="5" type="cond" truecount="4" falsecount="0"/>
        <line num="78" count="5" type="cond" truecount="6" falsecount="0"/>
        <line num="94" count="2" type="cond" truecount="1" falsecount="0"/>
        <line num="121" count="1" type="stmt"/>
        <line num="122" count="7" type="cond" truecount="4" falsecount="0"/>
      </file>
      <file name="object.js" path="C:\Users\jofun\Desktop\usuallyjs\src\object.js">
        <metrics statements="19" coveredstatements="19" conditionals="14" coveredconditionals="13" methods="11" coveredmethods="11"/>
        <line num="14" count="1" type="stmt"/>
        <line num="15" count="3" type="stmt"/>
        <line num="16" count="3" type="stmt"/>
        <line num="17" count="6" type="cond" truecount="2" falsecount="0"/>
        <line num="19" count="3" type="cond" truecount="4" falsecount="0"/>
        <line num="34" count="1" type="stmt"/>
        <line num="35" count="4" type="stmt"/>
        <line num="36" count="7" type="cond" truecount="4" falsecount="0"/>
        <line num="37" count="2" type="stmt"/>
        <line num="40" count="4" type="stmt"/>
        <line num="53" count="1" type="stmt"/>
        <line num="66" count="1" type="stmt"/>
        <line num="67" count="1" type="stmt"/>
        <line num="68" count="3" type="stmt"/>
        <line num="84" count="1" type="stmt"/>
        <line num="85" count="1" type="stmt"/>
        <line num="86" count="3" type="stmt"/>
        <line num="87" count="2" type="stmt"/>
        <line num="108" count="12" type="cond" truecount="1" falsecount="1"/>
      </file>
      <file name="string.js" path="C:\Users\jofun\Desktop\usuallyjs\src\string.js">
        <metrics statements="14" coveredstatements="14" conditionals="13" coveredconditionals="11" methods="13" coveredmethods="13"/>
        <line num="18" count="3" type="stmt"/>
        <line num="29" count="1" type="stmt"/>
        <line num="41" count="1" type="stmt"/>
        <line num="42" count="2" type="stmt"/>
        <line num="57" count="1" type="stmt"/>
        <line num="58" count="2" type="cond" truecount="2" falsecount="0"/>
        <line num="59" count="2" type="stmt"/>
        <line num="72" count="1" type="stmt"/>
        <line num="84" count="1" type="stmt"/>
        <line num="86" count="7" type="cond" truecount="1" falsecount="1"/>
        <line num="104" count="1" type="stmt"/>
        <line num="106" count="7" type="cond" truecount="1" falsecount="1"/>
        <line num="129" count="7" type="cond" truecount="3" falsecount="0"/>
        <line num="130" count="63" type="cond" truecount="4" falsecount="0"/>
      </file>
      <file name="type.js" path="C:\Users\jofun\Desktop\usuallyjs\src\type.js">
        <metrics statements="11" coveredstatements="11" conditionals="6" coveredconditionals="6" methods="10" coveredmethods="10"/>
        <line num="12" count="3" type="stmt"/>
        <line num="13" count="3" type="cond" truecount="4" falsecount="0"/>
        <line num="34" count="4" type="stmt"/>
        <line num="48" count="3" type="stmt"/>
        <line num="62" count="15" type="stmt"/>
        <line num="76" count="5" type="stmt"/>
        <line num="90" count="3" type="stmt"/>
        <line num="101" count="3" type="stmt"/>
        <line num="115" count="5" type="stmt"/>
        <line num="129" count="5" type="stmt"/>
        <line num="146" count="3" type="cond" truecount="2" falsecount="0"/>
      </file>
    </metrics>
  </project>
</coverage>
