<?xml version="1.0" encoding="UTF-8"?>
<coverage generated="1559218825875" clover="3.2.0">
  <project timestamp="1559218825875" name="All files">
    <metrics statements="149" coveredstatements="138" conditionals="116" coveredconditionals="104" methods="91" coveredmethods="84" elements="356" coveredelements="326" complexity="0" loc="149" ncloc="149" packages="1" files="7" classes="7"/>
    <file name="array.js" path="C:\Users\jofun\Desktop\usuallyjs\src\array.js">
      <metrics statements="18" coveredstatements="18" conditionals="15" coveredconditionals="15" methods="18" coveredmethods="18"/>
      <line num="16" count="2" type="stmt"/>
      <line num="28" count="1" type="stmt"/>
      <line num="59" count="2" type="cond" truecount="2" falsecount="0"/>
      <line num="60" count="8" type="cond" truecount="2" falsecount="0"/>
      <line num="61" count="8" type="stmt"/>
      <line num="73" count="1" type="stmt"/>
      <line num="75" count="7" type="cond" truecount="2" falsecount="0"/>
      <line num="97" count="1" type="cond" truecount="1" falsecount="0"/>
      <line num="98" count="3" type="cond" truecount="2" falsecount="0"/>
      <line num="114" count="1" type="stmt"/>
      <line num="115" count="1" type="stmt"/>
      <line num="116" count="1" type="stmt"/>
      <line num="117" count="3" type="stmt"/>
      <line num="118" count="3" type="stmt"/>
      <line num="137" count="1" type="stmt"/>
      <line num="138" count="4" type="cond" truecount="2" falsecount="0"/>
      <line num="156" count="2" type="cond" truecount="2" falsecount="0"/>
      <line num="173" count="2" type="cond" truecount="2" falsecount="0"/>
    </file>
    <file name="date.js" path="C:\Users\jofun\Desktop\usuallyjs\src\date.js">
      <metrics statements="23" coveredstatements="23" conditionals="14" coveredconditionals="11" methods="9" coveredmethods="9"/>
      <line num="19" count="1" type="cond" truecount="2" falsecount="0"/>
      <line num="20" count="5" type="stmt"/>
      <line num="21" count="105" type="cond" truecount="2" falsecount="0"/>
      <line num="22" count="5" type="stmt"/>
      <line num="24" count="21" type="cond" truecount="1" falsecount="1"/>
      <line num="47" count="1" type="cond" truecount="1" falsecount="0"/>
      <line num="48" count="5" type="stmt"/>
      <line num="49" count="5" type="stmt"/>
      <line num="50" count="5" type="stmt"/>
      <line num="51" count="5" type="stmt"/>
      <line num="70" count="1" type="cond" truecount="2" falsecount="0"/>
      <line num="71" count="7" type="stmt"/>
      <line num="72" count="7" type="cond" truecount="2" falsecount="0"/>
      <line num="95" count="1" type="cond" truecount="0" falsecount="1"/>
      <line num="96" count="3" type="stmt"/>
      <line num="97" count="3" type="stmt"/>
      <line num="98" count="3" type="stmt"/>
      <line num="119" count="1" type="cond" truecount="0" falsecount="1"/>
      <line num="120" count="3" type="stmt"/>
      <line num="121" count="3" type="stmt"/>
      <line num="122" count="3" type="stmt"/>
      <line num="138" count="2" type="stmt"/>
      <line num="156" count="3" type="cond" truecount="1" falsecount="0"/>
    </file>
    <file name="function.js" path="C:\Users\jofun\Desktop\usuallyjs\src\function.js">
      <metrics statements="27" coveredstatements="16" conditionals="9" coveredconditionals="4" methods="11" coveredmethods="5"/>
      <line num="13" count="1" type="stmt"/>
      <line num="14" count="2" type="stmt"/>
      <line num="15" count="2" type="stmt"/>
      <line num="16" count="2" type="cond" truecount="2" falsecount="0"/>
      <line num="17" count="1" type="stmt"/>
      <line num="18" count="1" type="stmt"/>
      <line num="35" count="1" type="cond" truecount="1" falsecount="0"/>
      <line num="37" count="1" type="stmt"/>
      <line num="38" count="0" type="stmt"/>
      <line num="39" count="0" type="stmt"/>
      <line num="56" count="1" type="stmt"/>
      <line num="58" count="1" type="stmt"/>
      <line num="59" count="1" type="stmt"/>
      <line num="60" count="1" type="cond" truecount="1" falsecount="1"/>
      <line num="61" count="1" type="stmt"/>
      <line num="62" count="1" type="stmt"/>
      <line num="63" count="1" type="stmt"/>
      <line num="65" count="0" type="stmt"/>
      <line num="66" count="0" type="stmt"/>
      <line num="67" count="0" type="cond" truecount="0" falsecount="2"/>
      <line num="68" count="0" type="stmt"/>
      <line num="69" count="0" type="stmt"/>
      <line num="96" count="1" type="stmt"/>
      <line num="97" count="0" type="stmt"/>
      <line num="99" count="0" type="cond" truecount="0" falsecount="2"/>
      <line num="100" count="0" type="stmt"/>
      <line num="102" count="0" type="stmt"/>
    </file>
    <file name="number.js" path="C:\Users\jofun\Desktop\usuallyjs\src\number.js">
      <metrics statements="18" coveredstatements="18" conditionals="33" coveredconditionals="33" methods="9" coveredmethods="9"/>
      <line num="19" count="3" type="stmt"/>
      <line num="46" count="1" type="cond" truecount="1" falsecount="0"/>
      <line num="47" count="6" type="cond" truecount="4" falsecount="0"/>
      <line num="49" count="6" type="cond" truecount="2" falsecount="0"/>
      <line num="76" count="1" type="cond" truecount="1" falsecount="0"/>
      <line num="77" count="5" type="cond" truecount="4" falsecount="0"/>
      <line num="78" count="5" type="cond" truecount="6" falsecount="0"/>
      <line num="94" count="2" type="cond" truecount="1" falsecount="0"/>
      <line num="121" count="1" type="stmt"/>
      <line num="122" count="7" type="cond" truecount="4" falsecount="0"/>
      <line num="141" count="1" type="cond" truecount="1" falsecount="0"/>
      <line num="142" count="5" type="stmt"/>
      <line num="143" count="5" type="cond" truecount="2" falsecount="0"/>
      <line num="144" count="2" type="cond" truecount="2" falsecount="0"/>
      <line num="146" count="3" type="stmt"/>
      <line num="147" count="3" type="stmt"/>
      <line num="148" count="3" type="cond" truecount="2" falsecount="0"/>
      <line num="163" count="6" type="stmt"/>
    </file>
    <file name="object.js" path="C:\Users\jofun\Desktop\usuallyjs\src\object.js">
      <metrics statements="18" coveredstatements="18" conditionals="14" coveredconditionals="13" methods="10" coveredmethods="10"/>
      <line num="16" count="1" type="stmt"/>
      <line num="17" count="3" type="stmt"/>
      <line num="18" count="3" type="stmt"/>
      <line num="19" count="6" type="cond" truecount="2" falsecount="0"/>
      <line num="21" count="3" type="cond" truecount="4" falsecount="0"/>
      <line num="36" count="1" type="stmt"/>
      <line num="37" count="4" type="stmt"/>
      <line num="38" count="7" type="cond" truecount="4" falsecount="0"/>
      <line num="39" count="2" type="stmt"/>
      <line num="42" count="4" type="stmt"/>
      <line num="56" count="1" type="stmt"/>
      <line num="57" count="1" type="stmt"/>
      <line num="58" count="3" type="stmt"/>
      <line num="74" count="1" type="stmt"/>
      <line num="75" count="1" type="stmt"/>
      <line num="76" count="3" type="stmt"/>
      <line num="77" count="2" type="stmt"/>
      <line num="98" count="9" type="cond" truecount="1" falsecount="1"/>
    </file>
    <file name="string.js" path="C:\Users\jofun\Desktop\usuallyjs\src\string.js">
      <metrics statements="34" coveredstatements="34" conditionals="25" coveredconditionals="22" methods="24" coveredmethods="23"/>
      <line num="19" count="3" type="stmt"/>
      <line num="30" count="1" type="stmt"/>
      <line num="42" count="1" type="stmt"/>
      <line num="43" count="2" type="cond" truecount="2" falsecount="0"/>
      <line num="44" count="3" type="stmt"/>
      <line num="59" count="1" type="stmt"/>
      <line num="60" count="2" type="cond" truecount="2" falsecount="0"/>
      <line num="61" count="2" type="stmt"/>
      <line num="74" count="1" type="stmt"/>
      <line num="86" count="1" type="stmt"/>
      <line num="88" count="7" type="cond" truecount="1" falsecount="1"/>
      <line num="106" count="1" type="stmt"/>
      <line num="108" count="7" type="cond" truecount="1" falsecount="1"/>
      <line num="131" count="7" type="cond" truecount="3" falsecount="0"/>
      <line num="132" count="63" type="cond" truecount="4" falsecount="0"/>
      <line num="143" count="1" type="stmt"/>
      <line num="157" count="1" type="stmt"/>
      <line num="158" count="2" type="cond" truecount="2" falsecount="0"/>
      <line num="160" count="6" type="stmt"/>
      <line num="180" count="1" type="stmt"/>
      <line num="181" count="3" type="stmt"/>
      <line num="182" count="3" type="cond" truecount="2" falsecount="0"/>
      <line num="183" count="9" type="cond" truecount="1" falsecount="1"/>
      <line num="184" count="3" type="stmt"/>
      <line num="185" count="9" type="stmt"/>
      <line num="188" count="3" type="cond" truecount="2" falsecount="0"/>
      <line num="203" count="1" type="stmt"/>
      <line num="204" count="2" type="stmt"/>
      <line num="206" count="6" type="stmt"/>
      <line num="219" count="1" type="stmt"/>
      <line num="220" count="1" type="stmt"/>
      <line num="221" count="2" type="stmt"/>
      <line num="223" count="2" type="stmt"/>
      <line num="224" count="2" type="stmt"/>
    </file>
    <file name="type.js" path="C:\Users\jofun\Desktop\usuallyjs\src\type.js">
      <metrics statements="11" coveredstatements="11" conditionals="6" coveredconditionals="6" methods="10" coveredmethods="10"/>
      <line num="12" count="5" type="stmt"/>
      <line num="13" count="3" type="cond" truecount="4" falsecount="0"/>
      <line num="34" count="5" type="stmt"/>
      <line num="48" count="5" type="stmt"/>
      <line num="62" count="15" type="stmt"/>
      <line num="76" count="8" type="stmt"/>
      <line num="90" count="5" type="stmt"/>
      <line num="101" count="5" type="stmt"/>
      <line num="115" count="11" type="stmt"/>
      <line num="129" count="7" type="stmt"/>
      <line num="146" count="9" type="cond" truecount="2" falsecount="0"/>
    </file>
  </project>
</coverage>
