{"C:\\Users\\jofun\\Desktop\\usuallyjs\\src\\array.js": {"path":"C:\\Users\\jofun\\Desktop\\usuallyjs\\src\\array.js","statementMap":{"0":{"start":{"line":16,"column":24},"end":{"line":16,"column":49}},"1":{"start":{"line":16,"column":31},"end":{"line":16,"column":49}},"2":{"start":{"line":28,"column":27},"end":{"line":28,"column":51}},"3":{"start":{"line":28,"column":34},"end":{"line":28,"column":51}},"4":{"start":{"line":39,"column":27},"end":{"line":43,"column":1}},"5":{"start":{"line":39,"column":34},"end":{"line":43,"column":1}},"6":{"start":{"line":41,"column":4},"end":{"line":41,"column":74}},"7":{"start":{"line":61,"column":25},"end":{"line":63,"column":1}},"8":{"start":{"line":62,"column":2},"end":{"line":62,"column":115}},"9":{"start":{"line":62,"column":61},"end":{"line":62,"column":74}}},"fnMap":{"0":{"name":"(anonymous_0)","decl":{"start":{"line":16,"column":24},"end":{"line":16,"column":25}},"loc":{"start":{"line":16,"column":31},"end":{"line":16,"column":49}},"line":16},"1":{"name":"(anonymous_1)","decl":{"start":{"line":28,"column":27},"end":{"line":28,"column":28}},"loc":{"start":{"line":28,"column":34},"end":{"line":28,"column":51}},"line":28},"2":{"name":"(anonymous_2)","decl":{"start":{"line":39,"column":27},"end":{"line":39,"column":28}},"loc":{"start":{"line":39,"column":34},"end":{"line":43,"column":1}},"line":39},"3":{"name":"(anonymous_3)","decl":{"start":{"line":40,"column":2},"end":{"line":40,"column":3}},"loc":{"start":{"line":41,"column":4},"end":{"line":41,"column":74}},"line":41},"4":{"name":"(anonymous_4)","decl":{"start":{"line":61,"column":25},"end":{"line":61,"column":26}},"loc":{"start":{"line":62,"column":2},"end":{"line":62,"column":115}},"line":62},"5":{"name":"(anonymous_5)","decl":{"start":{"line":62,"column":48},"end":{"line":62,"column":49}},"loc":{"start":{"line":62,"column":61},"end":{"line":62,"column":74}},"line":62}},"branchMap":{"0":{"loc":{"start":{"line":41,"column":4},"end":{"line":41,"column":74}},"type":"binary-expr","locations":[{"start":{"line":41,"column":4},"end":{"line":41,"column":27}},{"start":{"line":41,"column":31},"end":{"line":41,"column":74}}],"line":41},"1":{"loc":{"start":{"line":61,"column":31},"end":{"line":61,"column":43}},"type":"default-arg","locations":[{"start":{"line":61,"column":39},"end":{"line":61,"column":43}}],"line":61},"2":{"loc":{"start":{"line":62,"column":2},"end":{"line":62,"column":115}},"type":"cond-expr","locations":[{"start":{"line":62,"column":22},"end":{"line":62,"column":75}},{"start":{"line":62,"column":78},"end":{"line":62,"column":115}}],"line":62}},"s":{"0":1,"1":2,"2":1,"3":1,"4":1,"5":1,"6":7,"7":1,"8":3,"9":3},"f":{"0":2,"1":1,"2":1,"3":7,"4":3,"5":3},"b":{"0":[7,5],"1":[1],"2":[1,2]},"_coverageSchema":"332fd63041d2c1bcb487cc26dd0d5f7d97098a6c","hash":"4336be20dca91985b5e5b34b34c01f03675e9839"}
,"C:\\Users\\jofun\\Desktop\\usuallyjs\\src\\date.js": {"path":"C:\\Users\\jofun\\Desktop\\usuallyjs\\src\\date.js","statementMap":{"0":{"start":{"line":19,"column":26},"end":{"line":33,"column":1}},"1":{"start":{"line":20,"column":12},"end":{"line":20,"column":26}},"2":{"start":{"line":21,"column":18},"end":{"line":21,"column":56}},"3":{"start":{"line":21,"column":25},"end":{"line":21,"column":56}},"4":{"start":{"line":22,"column":2},"end":{"line":32,"column":3}},"5":{"start":{"line":24,"column":13},"end":{"line":31,"column":19}},"6":{"start":{"line":47,"column":28},"end":{"line":52,"column":1}},"7":{"start":{"line":48,"column":12},"end":{"line":48,"column":26}},"8":{"start":{"line":49,"column":2},"end":{"line":49,"column":30}},"9":{"start":{"line":50,"column":2},"end":{"line":50,"column":14}},"10":{"start":{"line":51,"column":2},"end":{"line":51,"column":20}},"11":{"start":{"line":70,"column":26},"end":{"line":75,"column":1}},"12":{"start":{"line":71,"column":14},"end":{"line":71,"column":37}},"13":{"start":{"line":72,"column":2},"end":{"line":74,"column":34}},"14":{"start":{"line":95,"column":25},"end":{"line":99,"column":1}},"15":{"start":{"line":96,"column":10},"end":{"line":96,"column":24}},"16":{"start":{"line":97,"column":2},"end":{"line":97,"column":30}},"17":{"start":{"line":98,"column":2},"end":{"line":98,"column":10}},"18":{"start":{"line":119,"column":25},"end":{"line":123,"column":1}},"19":{"start":{"line":120,"column":10},"end":{"line":120,"column":24}},"20":{"start":{"line":121,"column":2},"end":{"line":121,"column":30}},"21":{"start":{"line":122,"column":2},"end":{"line":122,"column":10}},"22":{"start":{"line":138,"column":27},"end":{"line":138,"column":78}},"23":{"start":{"line":138,"column":45},"end":{"line":138,"column":78}}},"fnMap":{"0":{"name":"(anonymous_0)","decl":{"start":{"line":19,"column":26},"end":{"line":19,"column":27}},"loc":{"start":{"line":19,"column":72},"end":{"line":33,"column":1}},"line":19},"1":{"name":"(anonymous_1)","decl":{"start":{"line":21,"column":18},"end":{"line":21,"column":19}},"loc":{"start":{"line":21,"column":25},"end":{"line":21,"column":56}},"line":21},"2":{"name":"(anonymous_2)","decl":{"start":{"line":24,"column":4},"end":{"line":24,"column":5}},"loc":{"start":{"line":24,"column":13},"end":{"line":31,"column":19}},"line":24},"3":{"name":"(anonymous_3)","decl":{"start":{"line":47,"column":28},"end":{"line":47,"column":29}},"loc":{"start":{"line":47,"column":51},"end":{"line":52,"column":1}},"line":47},"4":{"name":"(anonymous_4)","decl":{"start":{"line":70,"column":26},"end":{"line":70,"column":27}},"loc":{"start":{"line":70,"column":62},"end":{"line":75,"column":1}},"line":70},"5":{"name":"(anonymous_5)","decl":{"start":{"line":95,"column":25},"end":{"line":95,"column":26}},"loc":{"start":{"line":95,"column":48},"end":{"line":99,"column":1}},"line":95},"6":{"name":"(anonymous_6)","decl":{"start":{"line":119,"column":25},"end":{"line":119,"column":26}},"loc":{"start":{"line":119,"column":48},"end":{"line":123,"column":1}},"line":119},"7":{"name":"(anonymous_7)","decl":{"start":{"line":138,"column":27},"end":{"line":138,"column":28}},"loc":{"start":{"line":138,"column":45},"end":{"line":138,"column":78}},"line":138}},"branchMap":{"0":{"loc":{"start":{"line":19,"column":27},"end":{"line":19,"column":44}},"type":"default-arg","locations":[{"start":{"line":19,"column":34},"end":{"line":19,"column":44}}],"line":19},"1":{"loc":{"start":{"line":19,"column":46},"end":{"line":19,"column":67}},"type":"default-arg","locations":[{"start":{"line":19,"column":55},"end":{"line":19,"column":67}}],"line":19},"2":{"loc":{"start":{"line":21,"column":25},"end":{"line":21,"column":56}},"type":"cond-expr","locations":[{"start":{"line":21,"column":36},"end":{"line":21,"column":45}},{"start":{"line":21,"column":48},"end":{"line":21,"column":56}}],"line":21},"3":{"loc":{"start":{"line":24,"column":13},"end":{"line":31,"column":19}},"type":"binary-expr","locations":[{"start":{"line":24,"column":13},"end":{"line":31,"column":11}},{"start":{"line":31,"column":15},"end":{"line":31,"column":19}}],"line":24},"4":{"loc":{"start":{"line":47,"column":29},"end":{"line":47,"column":46}},"type":"default-arg","locations":[{"start":{"line":47,"column":36},"end":{"line":47,"column":46}}],"line":47},"5":{"loc":{"start":{"line":70,"column":27},"end":{"line":70,"column":38}},"type":"default-arg","locations":[{"start":{"line":70,"column":34},"end":{"line":70,"column":38}}],"line":70},"6":{"loc":{"start":{"line":70,"column":40},"end":{"line":70,"column":57}},"type":"default-arg","locations":[{"start":{"line":70,"column":47},"end":{"line":70,"column":57}}],"line":70},"7":{"loc":{"start":{"line":72,"column":9},"end":{"line":74,"column":34}},"type":"cond-expr","locations":[{"start":{"line":73,"column":6},"end":{"line":73,"column":89}},{"start":{"line":74,"column":6},"end":{"line":74,"column":34}}],"line":72},"8":{"loc":{"start":{"line":95,"column":26},"end":{"line":95,"column":43}},"type":"default-arg","locations":[{"start":{"line":95,"column":33},"end":{"line":95,"column":43}}],"line":95},"9":{"loc":{"start":{"line":119,"column":26},"end":{"line":119,"column":43}},"type":"default-arg","locations":[{"start":{"line":119,"column":33},"end":{"line":119,"column":43}}],"line":119}},"s":{"0":1,"1":5,"2":5,"3":105,"4":5,"5":21,"6":1,"7":5,"8":5,"9":5,"10":5,"11":1,"12":7,"13":7,"14":1,"15":3,"16":3,"17":3,"18":1,"19":3,"20":3,"21":3,"22":1,"23":2},"f":{"0":5,"1":105,"2":21,"3":5,"4":7,"5":3,"6":3,"7":2},"b":{"0":[1],"1":[3],"2":[27,78],"3":[21,0],"4":[1],"5":[3],"6":[1],"7":[2,5],"8":[0],"9":[0]},"_coverageSchema":"332fd63041d2c1bcb487cc26dd0d5f7d97098a6c","hash":"549917f75e7f1960b16fcaff47fdb5ae8e789e48"}
,"C:\\Users\\jofun\\Desktop\\usuallyjs\\src\\function.js": {"path":"C:\\Users\\jofun\\Desktop\\usuallyjs\\src\\function.js","statementMap":{"0":{"start":{"line":13,"column":20},"end":{"line":20,"column":1}},"1":{"start":{"line":14,"column":15},"end":{"line":14,"column":20}},"2":{"start":{"line":15,"column":2},"end":{"line":19,"column":3}},"3":{"start":{"line":16,"column":4},"end":{"line":16,"column":22}},"4":{"start":{"line":16,"column":16},"end":{"line":16,"column":22}},"5":{"start":{"line":17,"column":4},"end":{"line":17,"column":17}},"6":{"start":{"line":18,"column":4},"end":{"line":18,"column":31}},"7":{"start":{"line":38,"column":20},"end":{"line":38,"column":106}},"8":{"start":{"line":38,"column":51},"end":{"line":38,"column":106}},"9":{"start":{"line":38,"column":64},"end":{"line":38,"column":106}},"10":{"start":{"line":53,"column":24},"end":{"line":59,"column":1}},"11":{"start":{"line":55,"column":2},"end":{"line":58,"column":3}},"12":{"start":{"line":56,"column":4},"end":{"line":56,"column":27}},"13":{"start":{"line":57,"column":4},"end":{"line":57,"column":61}},"14":{"start":{"line":57,"column":33},"end":{"line":57,"column":53}},"15":{"start":{"line":74,"column":24},"end":{"line":92,"column":1}},"16":{"start":{"line":76,"column":2},"end":{"line":91,"column":3}},"17":{"start":{"line":77,"column":20},"end":{"line":77,"column":24}},"18":{"start":{"line":77,"column":33},"end":{"line":77,"column":42}},"19":{"start":{"line":78,"column":4},"end":{"line":90,"column":5}},"20":{"start":{"line":79,"column":6},"end":{"line":79,"column":29}},"21":{"start":{"line":80,"column":6},"end":{"line":80,"column":27}},"22":{"start":{"line":81,"column":6},"end":{"line":81,"column":23}},"23":{"start":{"line":83,"column":6},"end":{"line":83,"column":26}},"24":{"start":{"line":84,"column":6},"end":{"line":89,"column":53}},"25":{"start":{"line":85,"column":8},"end":{"line":88,"column":9}},"26":{"start":{"line":86,"column":10},"end":{"line":86,"column":33}},"27":{"start":{"line":87,"column":10},"end":{"line":87,"column":31}}},"fnMap":{"0":{"name":"(anonymous_0)","decl":{"start":{"line":13,"column":20},"end":{"line":13,"column":21}},"loc":{"start":{"line":13,"column":26},"end":{"line":20,"column":1}},"line":13},"1":{"name":"(anonymous_1)","decl":{"start":{"line":15,"column":9},"end":{"line":15,"column":10}},"loc":{"start":{"line":15,"column":28},"end":{"line":19,"column":3}},"line":15},"2":{"name":"(anonymous_2)","decl":{"start":{"line":38,"column":20},"end":{"line":38,"column":21}},"loc":{"start":{"line":38,"column":51},"end":{"line":38,"column":106}},"line":38},"3":{"name":"(anonymous_3)","decl":{"start":{"line":38,"column":51},"end":{"line":38,"column":52}},"loc":{"start":{"line":38,"column":64},"end":{"line":38,"column":106}},"line":38},"4":{"name":"(anonymous_4)","decl":{"start":{"line":53,"column":24},"end":{"line":53,"column":25}},"loc":{"start":{"line":53,"column":43},"end":{"line":59,"column":1}},"line":53},"5":{"name":"(anonymous_5)","decl":{"start":{"line":55,"column":9},"end":{"line":55,"column":10}},"loc":{"start":{"line":55,"column":27},"end":{"line":58,"column":3}},"line":55},"6":{"name":"(anonymous_6)","decl":{"start":{"line":57,"column":27},"end":{"line":57,"column":28}},"loc":{"start":{"line":57,"column":33},"end":{"line":57,"column":53}},"line":57},"7":{"name":"(anonymous_7)","decl":{"start":{"line":74,"column":24},"end":{"line":74,"column":25}},"loc":{"start":{"line":74,"column":38},"end":{"line":92,"column":1}},"line":74},"8":{"name":"(anonymous_8)","decl":{"start":{"line":76,"column":9},"end":{"line":76,"column":10}},"loc":{"start":{"line":76,"column":20},"end":{"line":91,"column":3}},"line":76},"9":{"name":"(anonymous_9)","decl":{"start":{"line":84,"column":26},"end":{"line":84,"column":27}},"loc":{"start":{"line":84,"column":37},"end":{"line":89,"column":7}},"line":84}},"branchMap":{"0":{"loc":{"start":{"line":16,"column":4},"end":{"line":16,"column":22}},"type":"if","locations":[{"start":{"line":16,"column":4},"end":{"line":16,"column":22}},{"start":{"line":16,"column":4},"end":{"line":16,"column":22}}],"line":16},"1":{"loc":{"start":{"line":53,"column":29},"end":{"line":53,"column":38}},"type":"default-arg","locations":[{"start":{"line":53,"column":37},"end":{"line":53,"column":38}}],"line":53},"2":{"loc":{"start":{"line":78,"column":4},"end":{"line":90,"column":5}},"type":"if","locations":[{"start":{"line":78,"column":4},"end":{"line":90,"column":5}},{"start":{"line":78,"column":4},"end":{"line":90,"column":5}}],"line":78},"3":{"loc":{"start":{"line":85,"column":8},"end":{"line":88,"column":9}},"type":"if","locations":[{"start":{"line":85,"column":8},"end":{"line":88,"column":9}},{"start":{"line":85,"column":8},"end":{"line":88,"column":9}}],"line":85}},"s":{"0":1,"1":1,"2":1,"3":2,"4":1,"5":1,"6":1,"7":1,"8":1,"9":1,"10":1,"11":0,"12":0,"13":0,"14":0,"15":1,"16":0,"17":0,"18":0,"19":0,"20":0,"21":0,"22":0,"23":0,"24":0,"25":0,"26":0,"27":0},"f":{"0":1,"1":2,"2":1,"3":1,"4":0,"5":0,"6":0,"7":0,"8":0,"9":0},"b":{"0":[1,1],"1":[0],"2":[0,0],"3":[0,0]},"_coverageSchema":"332fd63041d2c1bcb487cc26dd0d5f7d97098a6c","hash":"abedf42bce1fbfc188385c787fc4006911fd06b7"}
,"C:\\Users\\jofun\\Desktop\\usuallyjs\\src\\number.js": {"path":"C:\\Users\\jofun\\Desktop\\usuallyjs\\src\\number.js","statementMap":{"0":{"start":{"line":19,"column":21},"end":{"line":19,"column":51}},"1":{"start":{"line":19,"column":28},"end":{"line":19,"column":51}},"2":{"start":{"line":46,"column":27},"end":{"line":51,"column":1}},"3":{"start":{"line":47,"column":2},"end":{"line":50,"column":15}},"4":{"start":{"line":49,"column":16},"end":{"line":49,"column":85}},"5":{"start":{"line":76,"column":23},"end":{"line":79,"column":1}},"6":{"start":{"line":77,"column":2},"end":{"line":77,"column":53}},"7":{"start":{"line":77,"column":26},"end":{"line":77,"column":53}},"8":{"start":{"line":78,"column":2},"end":{"line":78,"column":82}},"9":{"start":{"line":94,"column":21},"end":{"line":94,"column":102}},"10":{"start":{"line":94,"column":44},"end":{"line":94,"column":102}},"11":{"start":{"line":121,"column":22},"end":{"line":125,"column":1}},"12":{"start":{"line":122,"column":2},"end":{"line":124,"column":41}}},"fnMap":{"0":{"name":"(anonymous_0)","decl":{"start":{"line":19,"column":21},"end":{"line":19,"column":22}},"loc":{"start":{"line":19,"column":28},"end":{"line":19,"column":51}},"line":19},"1":{"name":"(anonymous_1)","decl":{"start":{"line":46,"column":27},"end":{"line":46,"column":28}},"loc":{"start":{"line":47,"column":2},"end":{"line":50,"column":15}},"line":47},"2":{"name":"(anonymous_2)","decl":{"start":{"line":49,"column":6},"end":{"line":49,"column":7}},"loc":{"start":{"line":49,"column":16},"end":{"line":49,"column":85}},"line":49},"3":{"name":"(anonymous_3)","decl":{"start":{"line":76,"column":23},"end":{"line":76,"column":24}},"loc":{"start":{"line":76,"column":53},"end":{"line":79,"column":1}},"line":76},"4":{"name":"(anonymous_4)","decl":{"start":{"line":94,"column":21},"end":{"line":94,"column":22}},"loc":{"start":{"line":94,"column":44},"end":{"line":94,"column":102}},"line":94},"5":{"name":"(anonymous_5)","decl":{"start":{"line":121,"column":22},"end":{"line":121,"column":23}},"loc":{"start":{"line":122,"column":2},"end":{"line":124,"column":41}},"line":122}},"branchMap":{"0":{"loc":{"start":{"line":46,"column":35},"end":{"line":46,"column":50}},"type":"default-arg","locations":[{"start":{"line":46,"column":47},"end":{"line":46,"column":50}}],"line":46},"1":{"loc":{"start":{"line":47,"column":2},"end":{"line":50,"column":15}},"type":"cond-expr","locations":[{"start":{"line":47,"column":18},"end":{"line":47,"column":21}},{"start":{"line":47,"column":24},"end":{"line":50,"column":15}}],"line":47},"2":{"loc":{"start":{"line":47,"column":24},"end":{"line":50,"column":15}},"type":"cond-expr","locations":[{"start":{"line":48,"column":6},"end":{"line":48,"column":9}},{"start":{"line":48,"column":12},"end":{"line":50,"column":15}}],"line":47},"3":{"loc":{"start":{"line":49,"column":16},"end":{"line":49,"column":85}},"type":"cond-expr","locations":[{"start":{"line":49,"column":26},"end":{"line":49,"column":81}},{"start":{"line":49,"column":84},"end":{"line":49,"column":85}}],"line":49},"4":{"loc":{"start":{"line":76,"column":38},"end":{"line":76,"column":48}},"type":"default-arg","locations":[{"start":{"line":76,"column":44},"end":{"line":76,"column":48}}],"line":76},"5":{"loc":{"start":{"line":77,"column":2},"end":{"line":77,"column":53}},"type":"if","locations":[{"start":{"line":77,"column":2},"end":{"line":77,"column":53}},{"start":{"line":77,"column":2},"end":{"line":77,"column":53}}],"line":77},"6":{"loc":{"start":{"line":77,"column":6},"end":{"line":77,"column":24}},"type":"binary-expr","locations":[{"start":{"line":77,"column":6},"end":{"line":77,"column":9}},{"start":{"line":77,"column":13},"end":{"line":77,"column":24}}],"line":77},"7":{"loc":{"start":{"line":78,"column":9},"end":{"line":78,"column":82}},"type":"cond-expr","locations":[{"start":{"line":78,"column":23},"end":{"line":78,"column":50}},{"start":{"line":78,"column":53},"end":{"line":78,"column":82}}],"line":78},"8":{"loc":{"start":{"line":78,"column":23},"end":{"line":78,"column":50}},"type":"binary-expr","locations":[{"start":{"line":78,"column":23},"end":{"line":78,"column":33}},{"start":{"line":78,"column":37},"end":{"line":78,"column":50}}],"line":78},"9":{"loc":{"start":{"line":78,"column":53},"end":{"line":78,"column":82}},"type":"binary-expr","locations":[{"start":{"line":78,"column":53},"end":{"line":78,"column":67}},{"start":{"line":78,"column":71},"end":{"line":78,"column":82}}],"line":78},"10":{"loc":{"start":{"line":94,"column":27},"end":{"line":94,"column":39}},"type":"default-arg","locations":[{"start":{"line":94,"column":38},"end":{"line":94,"column":39}}],"line":94},"11":{"loc":{"start":{"line":122,"column":2},"end":{"line":124,"column":41}},"type":"cond-expr","locations":[{"start":{"line":123,"column":6},"end":{"line":123,"column":68}},{"start":{"line":124,"column":6},"end":{"line":124,"column":41}}],"line":122},"12":{"loc":{"start":{"line":122,"column":2},"end":{"line":122,"column":14}},"type":"binary-expr","locations":[{"start":{"line":122,"column":2},"end":{"line":122,"column":7}},{"start":{"line":122,"column":11},"end":{"line":122,"column":14}}],"line":122},"13":{"loc":{"start":{"line":124,"column":23},"end":{"line":124,"column":40}},"type":"binary-expr","locations":[{"start":{"line":124,"column":23},"end":{"line":124,"column":28}},{"start":{"line":124,"column":32},"end":{"line":124,"column":35}},{"start":{"line":124,"column":39},"end":{"line":124,"column":40}}],"line":124}},"s":{"0":1,"1":3,"2":1,"3":6,"4":6,"5":1,"6":5,"7":1,"8":5,"9":1,"10":2,"11":1,"12":7},"f":{"0":3,"1":6,"2":6,"3":5,"4":2,"5":7},"b":{"0":[5],"1":[1,5],"2":[1,4],"3":[4,2],"4":[2],"5":[1,4],"6":[5,3],"7":[2,3],"8":[2,2],"9":[3,1],"10":[1],"11":[3,4],"12":[7,5],"13":[4,2,1]},"_coverageSchema":"332fd63041d2c1bcb487cc26dd0d5f7d97098a6c","hash":"5a4f4a1237a0d2553fe241e5ed11f62d435695c8"}
,"C:\\Users\\jofun\\Desktop\\usuallyjs\\src\\object.js": {"path":"C:\\Users\\jofun\\Desktop\\usuallyjs\\src\\object.js","statementMap":{"0":{"start":{"line":14,"column":25},"end":{"line":20,"column":1}},"1":{"start":{"line":15,"column":14},"end":{"line":15,"column":36}},"2":{"start":{"line":16,"column":2},"end":{"line":18,"column":4}},"3":{"start":{"line":17,"column":4},"end":{"line":17,"column":70}},"4":{"start":{"line":19,"column":2},"end":{"line":19,"column":86}},"5":{"start":{"line":34,"column":26},"end":{"line":41,"column":1}},"6":{"start":{"line":35,"column":2},"end":{"line":39,"column":4}},"7":{"start":{"line":36,"column":4},"end":{"line":38,"column":5}},"8":{"start":{"line":37,"column":6},"end":{"line":37,"column":27}},"9":{"start":{"line":40,"column":2},"end":{"line":40,"column":27}},"10":{"start":{"line":53,"column":24},"end":{"line":53,"column":88}},"11":{"start":{"line":53,"column":42},"end":{"line":53,"column":88}},"12":{"start":{"line":66,"column":26},"end":{"line":72,"column":1}},"13":{"start":{"line":67,"column":2},"end":{"line":71,"column":11}},"14":{"start":{"line":68,"column":27},"end":{"line":71,"column":5}},"15":{"start":{"line":84,"column":20},"end":{"line":88,"column":1}},"16":{"start":{"line":85,"column":2},"end":{"line":87,"column":59}},"17":{"start":{"line":86,"column":17},"end":{"line":86,"column":33}},"18":{"start":{"line":87,"column":27},"end":{"line":87,"column":53}},"19":{"start":{"line":108,"column":23},"end":{"line":108,"column":63}},"20":{"start":{"line":108,"column":30},"end":{"line":108,"column":63}}},"fnMap":{"0":{"name":"(anonymous_0)","decl":{"start":{"line":14,"column":25},"end":{"line":14,"column":26}},"loc":{"start":{"line":14,"column":32},"end":{"line":20,"column":1}},"line":14},"1":{"name":"(anonymous_1)","decl":{"start":{"line":16,"column":29},"end":{"line":16,"column":30}},"loc":{"start":{"line":16,"column":34},"end":{"line":18,"column":3}},"line":16},"2":{"name":"(anonymous_2)","decl":{"start":{"line":34,"column":26},"end":{"line":34,"column":27}},"loc":{"start":{"line":34,"column":33},"end":{"line":41,"column":1}},"line":34},"3":{"name":"(anonymous_3)","decl":{"start":{"line":35,"column":27},"end":{"line":35,"column":28}},"loc":{"start":{"line":35,"column":35},"end":{"line":39,"column":3}},"line":35},"4":{"name":"(anonymous_4)","decl":{"start":{"line":53,"column":24},"end":{"line":53,"column":25}},"loc":{"start":{"line":53,"column":42},"end":{"line":53,"column":88}},"line":53},"5":{"name":"(anonymous_5)","decl":{"start":{"line":66,"column":26},"end":{"line":66,"column":27}},"loc":{"start":{"line":67,"column":2},"end":{"line":71,"column":11}},"line":67},"6":{"name":"(anonymous_6)","decl":{"start":{"line":68,"column":12},"end":{"line":68,"column":13}},"loc":{"start":{"line":68,"column":27},"end":{"line":71,"column":5}},"line":68},"7":{"name":"(anonymous_7)","decl":{"start":{"line":84,"column":20},"end":{"line":84,"column":21}},"loc":{"start":{"line":85,"column":2},"end":{"line":87,"column":59}},"line":85},"8":{"name":"(anonymous_8)","decl":{"start":{"line":86,"column":12},"end":{"line":86,"column":13}},"loc":{"start":{"line":86,"column":17},"end":{"line":86,"column":33}},"line":86},"9":{"name":"(anonymous_9)","decl":{"start":{"line":87,"column":12},"end":{"line":87,"column":13}},"loc":{"start":{"line":87,"column":27},"end":{"line":87,"column":53}},"line":87},"10":{"name":"(anonymous_10)","decl":{"start":{"line":108,"column":23},"end":{"line":108,"column":24}},"loc":{"start":{"line":108,"column":30},"end":{"line":108,"column":63}},"line":108}},"branchMap":{"0":{"loc":{"start":{"line":17,"column":15},"end":{"line":17,"column":70}},"type":"cond-expr","locations":[{"start":{"line":17,"column":44},"end":{"line":17,"column":61}},{"start":{"line":17,"column":64},"end":{"line":17,"column":70}}],"line":17},"1":{"loc":{"start":{"line":19,"column":9},"end":{"line":19,"column":86}},"type":"cond-expr","locations":[{"start":{"line":19,"column":30},"end":{"line":19,"column":78}},{"start":{"line":19,"column":81},"end":{"line":19,"column":86}}],"line":19},"2":{"loc":{"start":{"line":19,"column":30},"end":{"line":19,"column":78}},"type":"binary-expr","locations":[{"start":{"line":19,"column":31},"end":{"line":19,"column":56}},{"start":{"line":19,"column":61},"end":{"line":19,"column":78}}],"line":19},"3":{"loc":{"start":{"line":36,"column":4},"end":{"line":38,"column":5}},"type":"if","locations":[{"start":{"line":36,"column":4},"end":{"line":38,"column":5}},{"start":{"line":36,"column":4},"end":{"line":38,"column":5}}],"line":36},"4":{"loc":{"start":{"line":36,"column":8},"end":{"line":36,"column":57}},"type":"binary-expr","locations":[{"start":{"line":36,"column":8},"end":{"line":36,"column":35}},{"start":{"line":36,"column":39},"end":{"line":36,"column":57}}],"line":36},"5":{"loc":{"start":{"line":70,"column":12},"end":{"line":70,"column":27}},"type":"binary-expr","locations":[{"start":{"line":70,"column":12},"end":{"line":70,"column":20}},{"start":{"line":70,"column":24},"end":{"line":70,"column":27}}],"line":70},"6":{"loc":{"start":{"line":108,"column":32},"end":{"line":108,"column":55}},"type":"binary-expr","locations":[{"start":{"line":108,"column":32},"end":{"line":108,"column":48}},{"start":{"line":108,"column":52},"end":{"line":108,"column":55}}],"line":108}},"s":{"0":1,"1":3,"2":3,"3":6,"4":3,"5":1,"6":4,"7":7,"8":2,"9":4,"10":1,"11":1,"12":1,"13":1,"14":3,"15":1,"16":1,"17":3,"18":2,"19":1,"20":12},"f":{"0":3,"1":6,"2":4,"3":7,"4":1,"5":1,"6":3,"7":1,"8":3,"9":2,"10":12},"b":{"0":[2,4],"1":[1,2],"2":[1,1],"3":[2,5],"4":[7,2],"5":[3,2],"6":[12,0]},"_coverageSchema":"332fd63041d2c1bcb487cc26dd0d5f7d97098a6c","hash":"21c8bbdcf1168d2a9f23593f78809f58613d5d8f"}
,"C:\\Users\\jofun\\Desktop\\usuallyjs\\src\\string.js": {"path":"C:\\Users\\jofun\\Desktop\\usuallyjs\\src\\string.js","statementMap":{"0":{"start":{"line":18,"column":24},"end":{"line":18,"column":51}},"1":{"start":{"line":18,"column":31},"end":{"line":18,"column":51}},"2":{"start":{"line":29,"column":29},"end":{"line":29,"column":63}},"3":{"start":{"line":29,"column":36},"end":{"line":29,"column":63}},"4":{"start":{"line":41,"column":28},"end":{"line":43,"column":1}},"5":{"start":{"line":42,"column":2},"end":{"line":42,"column":79}},"6":{"start":{"line":42,"column":45},"end":{"line":42,"column":68}},"7":{"start":{"line":57,"column":24},"end":{"line":60,"column":1}},"8":{"start":{"line":58,"column":14},"end":{"line":58,"column":53}},"9":{"start":{"line":59,"column":2},"end":{"line":59,"column":101}},"10":{"start":{"line":59,"column":31},"end":{"line":59,"column":95}},"11":{"start":{"line":72,"column":26},"end":{"line":72,"column":60}},"12":{"start":{"line":72,"column":33},"end":{"line":72,"column":60}},"13":{"start":{"line":84,"column":26},"end":{"line":92,"column":1}},"14":{"start":{"line":84,"column":33},"end":{"line":92,"column":1}},"15":{"start":{"line":86,"column":10},"end":{"line":91,"column":15}},"16":{"start":{"line":104,"column":28},"end":{"line":112,"column":1}},"17":{"start":{"line":104,"column":35},"end":{"line":112,"column":1}},"18":{"start":{"line":106,"column":10},"end":{"line":111,"column":15}},"19":{"start":{"line":129,"column":20},"end":{"line":131,"column":10}},"20":{"start":{"line":129,"column":61},"end":{"line":131,"column":10}},"21":{"start":{"line":130,"column":12},"end":{"line":130,"column":62}}},"fnMap":{"0":{"name":"(anonymous_0)","decl":{"start":{"line":18,"column":24},"end":{"line":18,"column":25}},"loc":{"start":{"line":18,"column":31},"end":{"line":18,"column":51}},"line":18},"1":{"name":"(anonymous_1)","decl":{"start":{"line":29,"column":29},"end":{"line":29,"column":30}},"loc":{"start":{"line":29,"column":36},"end":{"line":29,"column":63}},"line":29},"2":{"name":"(anonymous_2)","decl":{"start":{"line":41,"column":28},"end":{"line":41,"column":29}},"loc":{"start":{"line":42,"column":2},"end":{"line":42,"column":79}},"line":42},"3":{"name":"(anonymous_3)","decl":{"start":{"line":42,"column":38},"end":{"line":42,"column":39}},"loc":{"start":{"line":42,"column":45},"end":{"line":42,"column":68}},"line":42},"4":{"name":"(anonymous_4)","decl":{"start":{"line":57,"column":24},"end":{"line":57,"column":25}},"loc":{"start":{"line":57,"column":31},"end":{"line":60,"column":1}},"line":57},"5":{"name":"(anonymous_5)","decl":{"start":{"line":59,"column":20},"end":{"line":59,"column":21}},"loc":{"start":{"line":59,"column":31},"end":{"line":59,"column":95}},"line":59},"6":{"name":"(anonymous_6)","decl":{"start":{"line":72,"column":26},"end":{"line":72,"column":27}},"loc":{"start":{"line":72,"column":33},"end":{"line":72,"column":60}},"line":72},"7":{"name":"(anonymous_7)","decl":{"start":{"line":84,"column":26},"end":{"line":84,"column":27}},"loc":{"start":{"line":84,"column":33},"end":{"line":92,"column":1}},"line":84},"8":{"name":"(anonymous_8)","decl":{"start":{"line":86,"column":2},"end":{"line":86,"column":3}},"loc":{"start":{"line":86,"column":10},"end":{"line":91,"column":15}},"line":86},"9":{"name":"(anonymous_9)","decl":{"start":{"line":104,"column":28},"end":{"line":104,"column":29}},"loc":{"start":{"line":104,"column":35},"end":{"line":112,"column":1}},"line":104},"10":{"name":"(anonymous_10)","decl":{"start":{"line":106,"column":2},"end":{"line":106,"column":3}},"loc":{"start":{"line":106,"column":10},"end":{"line":111,"column":15}},"line":106},"11":{"name":"(anonymous_11)","decl":{"start":{"line":129,"column":20},"end":{"line":129,"column":21}},"loc":{"start":{"line":129,"column":61},"end":{"line":131,"column":10}},"line":129},"12":{"name":"(anonymous_12)","decl":{"start":{"line":130,"column":2},"end":{"line":130,"column":3}},"loc":{"start":{"line":130,"column":12},"end":{"line":130,"column":62}},"line":130}},"branchMap":{"0":{"loc":{"start":{"line":58,"column":14},"end":{"line":58,"column":53}},"type":"binary-expr","locations":[{"start":{"line":58,"column":14},"end":{"line":58,"column":47}},{"start":{"line":58,"column":51},"end":{"line":58,"column":53}}],"line":58},"1":{"loc":{"start":{"line":86,"column":10},"end":{"line":91,"column":15}},"type":"binary-expr","locations":[{"start":{"line":86,"column":10},"end":{"line":91,"column":8}},{"start":{"line":91,"column":12},"end":{"line":91,"column":15}}],"line":86},"2":{"loc":{"start":{"line":106,"column":10},"end":{"line":111,"column":15}},"type":"binary-expr","locations":[{"start":{"line":106,"column":10},"end":{"line":111,"column":8}},{"start":{"line":111,"column":12},"end":{"line":111,"column":15}}],"line":106},"3":{"loc":{"start":{"line":129,"column":26},"end":{"line":129,"column":35}},"type":"default-arg","locations":[{"start":{"line":129,"column":34},"end":{"line":129,"column":35}}],"line":129},"4":{"loc":{"start":{"line":129,"column":37},"end":{"line":129,"column":44}},"type":"default-arg","locations":[{"start":{"line":129,"column":43},"end":{"line":129,"column":44}}],"line":129},"5":{"loc":{"start":{"line":129,"column":46},"end":{"line":129,"column":56}},"type":"default-arg","locations":[{"start":{"line":129,"column":53},"end":{"line":129,"column":56}}],"line":129},"6":{"loc":{"start":{"line":130,"column":12},"end":{"line":130,"column":62}},"type":"cond-expr","locations":[{"start":{"line":130,"column":54},"end":{"line":130,"column":58}},{"start":{"line":130,"column":61},"end":{"line":130,"column":62}}],"line":130},"7":{"loc":{"start":{"line":130,"column":12},"end":{"line":130,"column":51}},"type":"binary-expr","locations":[{"start":{"line":130,"column":12},"end":{"line":130,"column":22}},{"start":{"line":130,"column":26},"end":{"line":130,"column":51}}],"line":130}},"s":{"0":1,"1":3,"2":1,"3":1,"4":1,"5":1,"6":2,"7":1,"8":2,"9":2,"10":2,"11":1,"12":1,"13":1,"14":1,"15":7,"16":1,"17":1,"18":7,"19":1,"20":7,"21":63},"f":{"0":3,"1":1,"2":1,"3":2,"4":2,"5":2,"6":1,"7":1,"8":7,"9":1,"10":7,"11":7,"12":63},"b":{"0":[2,1],"1":[7,0],"2":[7,0],"3":[1],"4":[2],"5":[5],"6":[33,30],"7":[63,49]},"_coverageSchema":"332fd63041d2c1bcb487cc26dd0d5f7d97098a6c","hash":"1baf12a71ba7cf70dc8e448b6dc3bea1b7d6e543"}
,"C:\\Users\\jofun\\Desktop\\usuallyjs\\src\\type.js": {"path":"C:\\Users\\jofun\\Desktop\\usuallyjs\\src\\type.js","statementMap":{"0":{"start":{"line":12,"column":23},"end":{"line":14,"column":1}},"1":{"start":{"line":13,"column":2},"end":{"line":13,"column":93}},"2":{"start":{"line":34,"column":24},"end":{"line":34,"column":58}},"3":{"start":{"line":34,"column":33},"end":{"line":34,"column":58}},"4":{"start":{"line":48,"column":24},"end":{"line":48,"column":58}},"5":{"start":{"line":48,"column":33},"end":{"line":48,"column":58}},"6":{"start":{"line":62,"column":22},"end":{"line":62,"column":45}},"7":{"start":{"line":62,"column":31},"end":{"line":62,"column":45}},"8":{"start":{"line":76,"column":27},"end":{"line":76,"column":55}},"9":{"start":{"line":76,"column":36},"end":{"line":76,"column":55}},"10":{"start":{"line":90,"column":25},"end":{"line":90,"column":60}},"11":{"start":{"line":90,"column":34},"end":{"line":90,"column":60}},"12":{"start":{"line":101,"column":24},"end":{"line":101,"column":58}},"13":{"start":{"line":101,"column":33},"end":{"line":101,"column":58}},"14":{"start":{"line":115,"column":26},"end":{"line":115,"column":62}},"15":{"start":{"line":115,"column":35},"end":{"line":115,"column":62}},"16":{"start":{"line":129,"column":23},"end":{"line":129,"column":48}},"17":{"start":{"line":129,"column":30},"end":{"line":129,"column":48}},"18":{"start":{"line":146,"column":24},"end":{"line":146,"column":75}},"19":{"start":{"line":146,"column":33},"end":{"line":146,"column":75}}},"fnMap":{"0":{"name":"(anonymous_0)","decl":{"start":{"line":12,"column":23},"end":{"line":12,"column":24}},"loc":{"start":{"line":13,"column":2},"end":{"line":13,"column":93}},"line":13},"1":{"name":"(anonymous_1)","decl":{"start":{"line":34,"column":24},"end":{"line":34,"column":25}},"loc":{"start":{"line":34,"column":33},"end":{"line":34,"column":58}},"line":34},"2":{"name":"(anonymous_2)","decl":{"start":{"line":48,"column":24},"end":{"line":48,"column":25}},"loc":{"start":{"line":48,"column":33},"end":{"line":48,"column":58}},"line":48},"3":{"name":"(anonymous_3)","decl":{"start":{"line":62,"column":22},"end":{"line":62,"column":23}},"loc":{"start":{"line":62,"column":31},"end":{"line":62,"column":45}},"line":62},"4":{"name":"(anonymous_4)","decl":{"start":{"line":76,"column":27},"end":{"line":76,"column":28}},"loc":{"start":{"line":76,"column":36},"end":{"line":76,"column":55}},"line":76},"5":{"name":"(anonymous_5)","decl":{"start":{"line":90,"column":25},"end":{"line":90,"column":26}},"loc":{"start":{"line":90,"column":34},"end":{"line":90,"column":60}},"line":90},"6":{"name":"(anonymous_6)","decl":{"start":{"line":101,"column":24},"end":{"line":101,"column":25}},"loc":{"start":{"line":101,"column":33},"end":{"line":101,"column":58}},"line":101},"7":{"name":"(anonymous_7)","decl":{"start":{"line":115,"column":26},"end":{"line":115,"column":27}},"loc":{"start":{"line":115,"column":35},"end":{"line":115,"column":62}},"line":115},"8":{"name":"(anonymous_8)","decl":{"start":{"line":129,"column":23},"end":{"line":129,"column":24}},"loc":{"start":{"line":129,"column":30},"end":{"line":129,"column":48}},"line":129},"9":{"name":"(anonymous_9)","decl":{"start":{"line":146,"column":24},"end":{"line":146,"column":25}},"loc":{"start":{"line":146,"column":33},"end":{"line":146,"column":75}},"line":146}},"branchMap":{"0":{"loc":{"start":{"line":13,"column":2},"end":{"line":13,"column":93}},"type":"cond-expr","locations":[{"start":{"line":13,"column":22},"end":{"line":13,"column":33}},{"start":{"line":13,"column":36},"end":{"line":13,"column":93}}],"line":13},"1":{"loc":{"start":{"line":13,"column":36},"end":{"line":13,"column":93}},"type":"cond-expr","locations":[{"start":{"line":13,"column":50},"end":{"line":13,"column":56}},{"start":{"line":13,"column":59},"end":{"line":13,"column":93}}],"line":13},"2":{"loc":{"start":{"line":146,"column":33},"end":{"line":146,"column":75}},"type":"binary-expr","locations":[{"start":{"line":146,"column":33},"end":{"line":146,"column":56}},{"start":{"line":146,"column":60},"end":{"line":146,"column":75}}],"line":146}},"s":{"0":3,"1":3,"2":3,"3":4,"4":3,"5":2,"6":3,"7":15,"8":3,"9":5,"10":3,"11":2,"12":3,"13":2,"14":3,"15":5,"16":3,"17":5,"18":3,"19":3},"f":{"0":3,"1":4,"2":2,"3":15,"4":5,"5":2,"6":2,"7":5,"8":5,"9":3},"b":{"0":[1,2],"1":[1,1],"2":[3,2]},"_coverageSchema":"332fd63041d2c1bcb487cc26dd0d5f7d97098a6c","hash":"389a13f3f1fa1ace937234f4caf562a05a4bd578"}
}
