{"E:\\前端\\usuallyjs\\src\\array.js": {"path":"E:\\前端\\usuallyjs\\src\\array.js","statementMap":{"0":{"start":{"line":16,"column":24},"end":{"line":16,"column":49}},"1":{"start":{"line":16,"column":31},"end":{"line":16,"column":49}},"2":{"start":{"line":28,"column":27},"end":{"line":28,"column":51}},"3":{"start":{"line":28,"column":34},"end":{"line":28,"column":51}},"4":{"start":{"line":59,"column":29},"end":{"line":62,"column":6}},"5":{"start":{"line":59,"column":51},"end":{"line":62,"column":6}},"6":{"start":{"line":60,"column":2},"end":{"line":60,"column":43}},"7":{"start":{"line":60,"column":21},"end":{"line":60,"column":29}},"8":{"start":{"line":60,"column":32},"end":{"line":60,"column":43}},"9":{"start":{"line":61,"column":2},"end":{"line":61,"column":12}},"10":{"start":{"line":73,"column":27},"end":{"line":77,"column":1}},"11":{"start":{"line":73,"column":34},"end":{"line":77,"column":1}},"12":{"start":{"line":75,"column":4},"end":{"line":75,"column":74}},"13":{"start":{"line":97,"column":25},"end":{"line":99,"column":1}},"14":{"start":{"line":98,"column":2},"end":{"line":98,"column":109}},"15":{"start":{"line":98,"column":59},"end":{"line":98,"column":70}},"16":{"start":{"line":114,"column":25},"end":{"line":120,"column":1}},"17":{"start":{"line":115,"column":2},"end":{"line":115,"column":26}},"18":{"start":{"line":116,"column":2},"end":{"line":119,"column":8}},"19":{"start":{"line":117,"column":4},"end":{"line":117,"column":24}},"20":{"start":{"line":118,"column":4},"end":{"line":118,"column":14}},"21":{"start":{"line":137,"column":25},"end":{"line":139,"column":1}},"22":{"start":{"line":138,"column":2},"end":{"line":138,"column":91}},"23":{"start":{"line":138,"column":39},"end":{"line":138,"column":46}},"24":{"start":{"line":138,"column":67},"end":{"line":138,"column":74}},"25":{"start":{"line":156,"column":21},"end":{"line":156,"column":88}},"26":{"start":{"line":156,"column":34},"end":{"line":156,"column":88}},"27":{"start":{"line":156,"column":81},"end":{"line":156,"column":86}},"28":{"start":{"line":173,"column":21},"end":{"line":173,"column":88}},"29":{"start":{"line":173,"column":34},"end":{"line":173,"column":88}},"30":{"start":{"line":173,"column":81},"end":{"line":173,"column":86}}},"fnMap":{"0":{"name":"(anonymous_0)","decl":{"start":{"line":16,"column":24},"end":{"line":16,"column":25}},"loc":{"start":{"line":16,"column":31},"end":{"line":16,"column":49}},"line":16},"1":{"name":"(anonymous_1)","decl":{"start":{"line":28,"column":27},"end":{"line":28,"column":28}},"loc":{"start":{"line":28,"column":34},"end":{"line":28,"column":51}},"line":28},"2":{"name":"(anonymous_2)","decl":{"start":{"line":59,"column":29},"end":{"line":59,"column":30}},"loc":{"start":{"line":59,"column":51},"end":{"line":62,"column":6}},"line":59},"3":{"name":"(anonymous_3)","decl":{"start":{"line":59,"column":91},"end":{"line":59,"column":92}},"loc":{"start":{"line":59,"column":103},"end":{"line":62,"column":1}},"line":59},"4":{"name":"(anonymous_4)","decl":{"start":{"line":60,"column":16},"end":{"line":60,"column":17}},"loc":{"start":{"line":60,"column":21},"end":{"line":60,"column":29}},"line":60},"5":{"name":"(anonymous_5)","decl":{"start":{"line":73,"column":27},"end":{"line":73,"column":28}},"loc":{"start":{"line":73,"column":34},"end":{"line":77,"column":1}},"line":73},"6":{"name":"(anonymous_6)","decl":{"start":{"line":74,"column":2},"end":{"line":74,"column":3}},"loc":{"start":{"line":75,"column":4},"end":{"line":75,"column":74}},"line":75},"7":{"name":"(anonymous_7)","decl":{"start":{"line":97,"column":25},"end":{"line":97,"column":26}},"loc":{"start":{"line":98,"column":2},"end":{"line":98,"column":109}},"line":98},"8":{"name":"(anonymous_8)","decl":{"start":{"line":98,"column":46},"end":{"line":98,"column":47}},"loc":{"start":{"line":98,"column":59},"end":{"line":98,"column":70}},"line":98},"9":{"name":"(anonymous_9)","decl":{"start":{"line":114,"column":25},"end":{"line":114,"column":26}},"loc":{"start":{"line":114,"column":38},"end":{"line":120,"column":1}},"line":114},"10":{"name":"(anonymous_10)","decl":{"start":{"line":116,"column":23},"end":{"line":116,"column":24}},"loc":{"start":{"line":116,"column":40},"end":{"line":119,"column":3}},"line":116},"11":{"name":"(anonymous_11)","decl":{"start":{"line":137,"column":25},"end":{"line":137,"column":26}},"loc":{"start":{"line":138,"column":2},"end":{"line":138,"column":91}},"line":138},"12":{"name":"(anonymous_12)","decl":{"start":{"line":138,"column":32},"end":{"line":138,"column":33}},"loc":{"start":{"line":138,"column":39},"end":{"line":138,"column":46}},"line":138},"13":{"name":"(anonymous_13)","decl":{"start":{"line":138,"column":55},"end":{"line":138,"column":56}},"loc":{"start":{"line":138,"column":67},"end":{"line":138,"column":74}},"line":138},"14":{"name":"(anonymous_14)","decl":{"start":{"line":156,"column":21},"end":{"line":156,"column":22}},"loc":{"start":{"line":156,"column":34},"end":{"line":156,"column":88}},"line":156},"15":{"name":"(anonymous_15)","decl":{"start":{"line":156,"column":76},"end":{"line":156,"column":77}},"loc":{"start":{"line":156,"column":81},"end":{"line":156,"column":86}},"line":156},"16":{"name":"(anonymous_16)","decl":{"start":{"line":173,"column":21},"end":{"line":173,"column":22}},"loc":{"start":{"line":173,"column":34},"end":{"line":173,"column":88}},"line":173},"17":{"name":"(anonymous_17)","decl":{"start":{"line":173,"column":76},"end":{"line":173,"column":77}},"loc":{"start":{"line":173,"column":81},"end":{"line":173,"column":86}},"line":173}},"branchMap":{"0":{"loc":{"start":{"line":59,"column":55},"end":{"line":59,"column":89}},"type":"cond-expr","locations":[{"start":{"line":59,"column":65},"end":{"line":59,"column":78}},{"start":{"line":59,"column":81},"end":{"line":59,"column":89}}],"line":59},"1":{"loc":{"start":{"line":60,"column":2},"end":{"line":60,"column":43}},"type":"if","locations":[{"start":{"line":60,"column":2},"end":{"line":60,"column":43}},{"start":{"line":60,"column":2},"end":{"line":60,"column":43}}],"line":60},"2":{"loc":{"start":{"line":75,"column":4},"end":{"line":75,"column":74}},"type":"binary-expr","locations":[{"start":{"line":75,"column":4},"end":{"line":75,"column":27}},{"start":{"line":75,"column":31},"end":{"line":75,"column":74}}],"line":75},"3":{"loc":{"start":{"line":97,"column":31},"end":{"line":97,"column":41}},"type":"default-arg","locations":[{"start":{"line":97,"column":37},"end":{"line":97,"column":41}}],"line":97},"4":{"loc":{"start":{"line":98,"column":2},"end":{"line":98,"column":109}},"type":"cond-expr","locations":[{"start":{"line":98,"column":20},"end":{"line":98,"column":71}},{"start":{"line":98,"column":74},"end":{"line":98,"column":109}}],"line":98},"5":{"loc":{"start":{"line":138,"column":10},"end":{"line":138,"column":46}},"type":"cond-expr","locations":[{"start":{"line":138,"column":27},"end":{"line":138,"column":29}},{"start":{"line":138,"column":32},"end":{"line":138,"column":46}}],"line":138},"6":{"loc":{"start":{"line":156,"column":54},"end":{"line":156,"column":86}},"type":"cond-expr","locations":[{"start":{"line":156,"column":71},"end":{"line":156,"column":73}},{"start":{"line":156,"column":76},"end":{"line":156,"column":86}}],"line":156},"7":{"loc":{"start":{"line":173,"column":54},"end":{"line":173,"column":86}},"type":"cond-expr","locations":[{"start":{"line":173,"column":71},"end":{"line":173,"column":73}},{"start":{"line":173,"column":76},"end":{"line":173,"column":86}}],"line":173}},"s":{"0":7,"1":2,"2":7,"3":1,"4":7,"5":2,"6":8,"7":8,"8":6,"9":8,"10":7,"11":1,"12":7,"13":7,"14":3,"15":3,"16":7,"17":1,"18":1,"19":3,"20":3,"21":7,"22":2,"23":2,"24":4,"25":7,"26":2,"27":2,"28":7,"29":2,"30":2},"f":{"0":2,"1":1,"2":2,"3":8,"4":8,"5":1,"6":7,"7":3,"8":3,"9":1,"10":3,"11":2,"12":2,"13":4,"14":2,"15":2,"16":2,"17":2},"b":{"0":[1,1],"1":[6,2],"2":[7,5],"3":[1],"4":[1,2],"5":[1,1],"6":[1,1],"7":[1,1]},"_coverageSchema":"43e27e138ebf9cfc5966b082cf9a028302ed4184","hash":"3ca55cdee9e3ca54c2ba3090f0496cf31ba03a5c"}
,"E:\\前端\\usuallyjs\\src\\date.js": {"path":"E:\\前端\\usuallyjs\\src\\date.js","statementMap":{"0":{"start":{"line":19,"column":26},"end":{"line":33,"column":1}},"1":{"start":{"line":20,"column":12},"end":{"line":20,"column":26}},"2":{"start":{"line":21,"column":18},"end":{"line":21,"column":56}},"3":{"start":{"line":21,"column":25},"end":{"line":21,"column":56}},"4":{"start":{"line":22,"column":2},"end":{"line":32,"column":3}},"5":{"start":{"line":24,"column":13},"end":{"line":31,"column":19}},"6":{"start":{"line":47,"column":28},"end":{"line":52,"column":1}},"7":{"start":{"line":48,"column":12},"end":{"line":48,"column":26}},"8":{"start":{"line":49,"column":2},"end":{"line":49,"column":30}},"9":{"start":{"line":50,"column":2},"end":{"line":50,"column":14}},"10":{"start":{"line":51,"column":2},"end":{"line":51,"column":20}},"11":{"start":{"line":70,"column":26},"end":{"line":75,"column":1}},"12":{"start":{"line":71,"column":14},"end":{"line":71,"column":37}},"13":{"start":{"line":72,"column":2},"end":{"line":74,"column":34}},"14":{"start":{"line":95,"column":25},"end":{"line":99,"column":1}},"15":{"start":{"line":96,"column":10},"end":{"line":96,"column":24}},"16":{"start":{"line":97,"column":2},"end":{"line":97,"column":30}},"17":{"start":{"line":98,"column":2},"end":{"line":98,"column":10}},"18":{"start":{"line":119,"column":25},"end":{"line":123,"column":1}},"19":{"start":{"line":120,"column":10},"end":{"line":120,"column":24}},"20":{"start":{"line":121,"column":2},"end":{"line":121,"column":30}},"21":{"start":{"line":122,"column":2},"end":{"line":122,"column":10}},"22":{"start":{"line":138,"column":27},"end":{"line":138,"column":78}},"23":{"start":{"line":138,"column":45},"end":{"line":138,"column":78}},"24":{"start":{"line":156,"column":26},"end":{"line":156,"column":93}},"25":{"start":{"line":156,"column":52},"end":{"line":156,"column":93}}},"fnMap":{"0":{"name":"(anonymous_0)","decl":{"start":{"line":19,"column":26},"end":{"line":19,"column":27}},"loc":{"start":{"line":19,"column":72},"end":{"line":33,"column":1}},"line":19},"1":{"name":"(anonymous_1)","decl":{"start":{"line":21,"column":18},"end":{"line":21,"column":19}},"loc":{"start":{"line":21,"column":25},"end":{"line":21,"column":56}},"line":21},"2":{"name":"(anonymous_2)","decl":{"start":{"line":24,"column":4},"end":{"line":24,"column":5}},"loc":{"start":{"line":24,"column":13},"end":{"line":31,"column":19}},"line":24},"3":{"name":"(anonymous_3)","decl":{"start":{"line":47,"column":28},"end":{"line":47,"column":29}},"loc":{"start":{"line":47,"column":51},"end":{"line":52,"column":1}},"line":47},"4":{"name":"(anonymous_4)","decl":{"start":{"line":70,"column":26},"end":{"line":70,"column":27}},"loc":{"start":{"line":70,"column":62},"end":{"line":75,"column":1}},"line":70},"5":{"name":"(anonymous_5)","decl":{"start":{"line":95,"column":25},"end":{"line":95,"column":26}},"loc":{"start":{"line":95,"column":48},"end":{"line":99,"column":1}},"line":95},"6":{"name":"(anonymous_6)","decl":{"start":{"line":119,"column":25},"end":{"line":119,"column":26}},"loc":{"start":{"line":119,"column":48},"end":{"line":123,"column":1}},"line":119},"7":{"name":"(anonymous_7)","decl":{"start":{"line":138,"column":27},"end":{"line":138,"column":28}},"loc":{"start":{"line":138,"column":45},"end":{"line":138,"column":78}},"line":138},"8":{"name":"(anonymous_8)","decl":{"start":{"line":156,"column":26},"end":{"line":156,"column":27}},"loc":{"start":{"line":156,"column":52},"end":{"line":156,"column":93}},"line":156}},"branchMap":{"0":{"loc":{"start":{"line":19,"column":27},"end":{"line":19,"column":44}},"type":"default-arg","locations":[{"start":{"line":19,"column":34},"end":{"line":19,"column":44}}],"line":19},"1":{"loc":{"start":{"line":19,"column":46},"end":{"line":19,"column":67}},"type":"default-arg","locations":[{"start":{"line":19,"column":55},"end":{"line":19,"column":67}}],"line":19},"2":{"loc":{"start":{"line":21,"column":25},"end":{"line":21,"column":56}},"type":"cond-expr","locations":[{"start":{"line":21,"column":36},"end":{"line":21,"column":45}},{"start":{"line":21,"column":48},"end":{"line":21,"column":56}}],"line":21},"3":{"loc":{"start":{"line":24,"column":13},"end":{"line":31,"column":19}},"type":"binary-expr","locations":[{"start":{"line":24,"column":13},"end":{"line":31,"column":11}},{"start":{"line":31,"column":15},"end":{"line":31,"column":19}}],"line":24},"4":{"loc":{"start":{"line":47,"column":29},"end":{"line":47,"column":46}},"type":"default-arg","locations":[{"start":{"line":47,"column":36},"end":{"line":47,"column":46}}],"line":47},"5":{"loc":{"start":{"line":70,"column":27},"end":{"line":70,"column":38}},"type":"default-arg","locations":[{"start":{"line":70,"column":34},"end":{"line":70,"column":38}}],"line":70},"6":{"loc":{"start":{"line":70,"column":40},"end":{"line":70,"column":57}},"type":"default-arg","locations":[{"start":{"line":70,"column":47},"end":{"line":70,"column":57}}],"line":70},"7":{"loc":{"start":{"line":72,"column":9},"end":{"line":74,"column":34}},"type":"cond-expr","locations":[{"start":{"line":73,"column":6},"end":{"line":73,"column":89}},{"start":{"line":74,"column":6},"end":{"line":74,"column":34}}],"line":72},"8":{"loc":{"start":{"line":95,"column":26},"end":{"line":95,"column":43}},"type":"default-arg","locations":[{"start":{"line":95,"column":33},"end":{"line":95,"column":43}}],"line":95},"9":{"loc":{"start":{"line":119,"column":26},"end":{"line":119,"column":43}},"type":"default-arg","locations":[{"start":{"line":119,"column":33},"end":{"line":119,"column":43}}],"line":119},"10":{"loc":{"start":{"line":156,"column":30},"end":{"line":156,"column":47}},"type":"default-arg","locations":[{"start":{"line":156,"column":37},"end":{"line":156,"column":47}}],"line":156}},"s":{"0":7,"1":5,"2":5,"3":105,"4":5,"5":21,"6":7,"7":5,"8":5,"9":5,"10":5,"11":7,"12":7,"13":7,"14":7,"15":3,"16":3,"17":3,"18":7,"19":3,"20":3,"21":3,"22":7,"23":2,"24":7,"25":3},"f":{"0":5,"1":105,"2":21,"3":5,"4":7,"5":3,"6":3,"7":2,"8":3},"b":{"0":[1],"1":[3],"2":[21,84],"3":[21,0],"4":[1],"5":[3],"6":[1],"7":[2,5],"8":[0],"9":[0],"10":[2]},"_coverageSchema":"43e27e138ebf9cfc5966b082cf9a028302ed4184","hash":"fdc016c4b7007a63febc99a4a86d0212303fbe3e"}
,"E:\\前端\\usuallyjs\\src\\function.js": {"path":"E:\\前端\\usuallyjs\\src\\function.js","statementMap":{"0":{"start":{"line":13,"column":20},"end":{"line":20,"column":1}},"1":{"start":{"line":14,"column":15},"end":{"line":14,"column":20}},"2":{"start":{"line":15,"column":2},"end":{"line":19,"column":3}},"3":{"start":{"line":16,"column":4},"end":{"line":16,"column":22}},"4":{"start":{"line":16,"column":16},"end":{"line":16,"column":22}},"5":{"start":{"line":17,"column":4},"end":{"line":17,"column":17}},"6":{"start":{"line":18,"column":4},"end":{"line":18,"column":31}},"7":{"start":{"line":35,"column":24},"end":{"line":41,"column":1}},"8":{"start":{"line":37,"column":2},"end":{"line":40,"column":3}},"9":{"start":{"line":38,"column":4},"end":{"line":38,"column":27}},"10":{"start":{"line":39,"column":4},"end":{"line":39,"column":61}},"11":{"start":{"line":39,"column":33},"end":{"line":39,"column":53}},"12":{"start":{"line":56,"column":24},"end":{"line":74,"column":1}},"13":{"start":{"line":58,"column":2},"end":{"line":73,"column":3}},"14":{"start":{"line":59,"column":20},"end":{"line":59,"column":24}},"15":{"start":{"line":59,"column":33},"end":{"line":59,"column":42}},"16":{"start":{"line":60,"column":4},"end":{"line":72,"column":5}},"17":{"start":{"line":61,"column":6},"end":{"line":61,"column":29}},"18":{"start":{"line":62,"column":6},"end":{"line":62,"column":27}},"19":{"start":{"line":63,"column":6},"end":{"line":63,"column":23}},"20":{"start":{"line":65,"column":6},"end":{"line":65,"column":26}},"21":{"start":{"line":66,"column":6},"end":{"line":71,"column":53}},"22":{"start":{"line":67,"column":8},"end":{"line":70,"column":9}},"23":{"start":{"line":68,"column":10},"end":{"line":68,"column":33}},"24":{"start":{"line":69,"column":10},"end":{"line":69,"column":31}},"25":{"start":{"line":96,"column":20},"end":{"line":104,"column":1}},"26":{"start":{"line":97,"column":2},"end":{"line":103,"column":13}},"27":{"start":{"line":99,"column":6},"end":{"line":101,"column":22}},"28":{"start":{"line":100,"column":51},"end":{"line":100,"column":72}},"29":{"start":{"line":102,"column":6},"end":{"line":102,"column":59}}},"fnMap":{"0":{"name":"(anonymous_0)","decl":{"start":{"line":13,"column":20},"end":{"line":13,"column":21}},"loc":{"start":{"line":13,"column":26},"end":{"line":20,"column":1}},"line":13},"1":{"name":"(anonymous_1)","decl":{"start":{"line":15,"column":9},"end":{"line":15,"column":10}},"loc":{"start":{"line":15,"column":28},"end":{"line":19,"column":3}},"line":15},"2":{"name":"(anonymous_2)","decl":{"start":{"line":35,"column":24},"end":{"line":35,"column":25}},"loc":{"start":{"line":35,"column":43},"end":{"line":41,"column":1}},"line":35},"3":{"name":"(anonymous_3)","decl":{"start":{"line":37,"column":9},"end":{"line":37,"column":10}},"loc":{"start":{"line":37,"column":27},"end":{"line":40,"column":3}},"line":37},"4":{"name":"(anonymous_4)","decl":{"start":{"line":39,"column":27},"end":{"line":39,"column":28}},"loc":{"start":{"line":39,"column":33},"end":{"line":39,"column":53}},"line":39},"5":{"name":"(anonymous_5)","decl":{"start":{"line":56,"column":24},"end":{"line":56,"column":25}},"loc":{"start":{"line":56,"column":38},"end":{"line":74,"column":1}},"line":56},"6":{"name":"(anonymous_6)","decl":{"start":{"line":58,"column":9},"end":{"line":58,"column":10}},"loc":{"start":{"line":58,"column":20},"end":{"line":73,"column":3}},"line":58},"7":{"name":"(anonymous_7)","decl":{"start":{"line":66,"column":26},"end":{"line":66,"column":27}},"loc":{"start":{"line":66,"column":37},"end":{"line":71,"column":7}},"line":66},"8":{"name":"(anonymous_8)","decl":{"start":{"line":96,"column":20},"end":{"line":96,"column":21}},"loc":{"start":{"line":96,"column":37},"end":{"line":104,"column":1}},"line":96},"9":{"name":"(anonymous_9)","decl":{"start":{"line":98,"column":12},"end":{"line":98,"column":13}},"loc":{"start":{"line":98,"column":25},"end":{"line":103,"column":5}},"line":98},"10":{"name":"(anonymous_10)","decl":{"start":{"line":100,"column":46},"end":{"line":100,"column":47}},"loc":{"start":{"line":100,"column":51},"end":{"line":100,"column":72}},"line":100}},"branchMap":{"0":{"loc":{"start":{"line":16,"column":4},"end":{"line":16,"column":22}},"type":"if","locations":[{"start":{"line":16,"column":4},"end":{"line":16,"column":22}},{"start":{"line":16,"column":4},"end":{"line":16,"column":22}}],"line":16},"1":{"loc":{"start":{"line":35,"column":29},"end":{"line":35,"column":38}},"type":"default-arg","locations":[{"start":{"line":35,"column":37},"end":{"line":35,"column":38}}],"line":35},"2":{"loc":{"start":{"line":60,"column":4},"end":{"line":72,"column":5}},"type":"if","locations":[{"start":{"line":60,"column":4},"end":{"line":72,"column":5}},{"start":{"line":60,"column":4},"end":{"line":72,"column":5}}],"line":60},"3":{"loc":{"start":{"line":67,"column":8},"end":{"line":70,"column":9}},"type":"if","locations":[{"start":{"line":67,"column":8},"end":{"line":70,"column":9}},{"start":{"line":67,"column":8},"end":{"line":70,"column":9}}],"line":67},"4":{"loc":{"start":{"line":99,"column":11},"end":{"line":101,"column":22}},"type":"cond-expr","locations":[{"start":{"line":100,"column":10},"end":{"line":100,"column":73}},{"start":{"line":101,"column":10},"end":{"line":101,"column":22}}],"line":99}},"s":{"0":7,"1":2,"2":2,"3":2,"4":1,"5":1,"6":1,"7":7,"8":1,"9":0,"10":0,"11":0,"12":7,"13":1,"14":1,"15":1,"16":1,"17":1,"18":1,"19":1,"20":0,"21":0,"22":0,"23":0,"24":0,"25":7,"26":0,"27":0,"28":0,"29":0},"f":{"0":2,"1":2,"2":1,"3":0,"4":0,"5":1,"6":1,"7":0,"8":0,"9":0,"10":0},"b":{"0":[1,1],"1":[1],"2":[1,0],"3":[0,0],"4":[0,0]},"_coverageSchema":"43e27e138ebf9cfc5966b082cf9a028302ed4184","hash":"ecad451f2171cf3124446ab7c3f862352da6eaee"}
,"E:\\前端\\usuallyjs\\src\\index.js": {"path":"E:\\前端\\usuallyjs\\src\\index.js","statementMap":{},"fnMap":{},"branchMap":{},"s":{},"f":{},"b":{},"_coverageSchema":"43e27e138ebf9cfc5966b082cf9a028302ed4184","hash":"f9daca06ee6adc91368ed09e76b7319b8c800262"}
,"E:\\前端\\usuallyjs\\src\\number.js": {"path":"E:\\前端\\usuallyjs\\src\\number.js","statementMap":{"0":{"start":{"line":19,"column":21},"end":{"line":19,"column":49}},"1":{"start":{"line":19,"column":28},"end":{"line":19,"column":49}},"2":{"start":{"line":46,"column":27},"end":{"line":51,"column":1}},"3":{"start":{"line":47,"column":2},"end":{"line":50,"column":15}},"4":{"start":{"line":49,"column":16},"end":{"line":49,"column":85}},"5":{"start":{"line":76,"column":23},"end":{"line":79,"column":1}},"6":{"start":{"line":77,"column":2},"end":{"line":77,"column":53}},"7":{"start":{"line":77,"column":26},"end":{"line":77,"column":53}},"8":{"start":{"line":78,"column":2},"end":{"line":78,"column":82}},"9":{"start":{"line":94,"column":21},"end":{"line":94,"column":102}},"10":{"start":{"line":94,"column":44},"end":{"line":94,"column":102}},"11":{"start":{"line":121,"column":22},"end":{"line":125,"column":1}},"12":{"start":{"line":122,"column":2},"end":{"line":124,"column":41}},"13":{"start":{"line":141,"column":25},"end":{"line":149,"column":1}},"14":{"start":{"line":142,"column":10},"end":{"line":142,"column":31}},"15":{"start":{"line":143,"column":2},"end":{"line":145,"column":3}},"16":{"start":{"line":144,"column":4},"end":{"line":144,"column":67}},"17":{"start":{"line":146,"column":2},"end":{"line":146,"column":20}},"18":{"start":{"line":147,"column":2},"end":{"line":147,"column":32}},"19":{"start":{"line":148,"column":2},"end":{"line":148,"column":45}},"20":{"start":{"line":163,"column":23},"end":{"line":163,"column":85}},"21":{"start":{"line":163,"column":36},"end":{"line":163,"column":85}},"22":{"start":{"line":163,"column":60},"end":{"line":163,"column":67}}},"fnMap":{"0":{"name":"(anonymous_0)","decl":{"start":{"line":19,"column":21},"end":{"line":19,"column":22}},"loc":{"start":{"line":19,"column":28},"end":{"line":19,"column":49}},"line":19},"1":{"name":"(anonymous_1)","decl":{"start":{"line":46,"column":27},"end":{"line":46,"column":28}},"loc":{"start":{"line":47,"column":2},"end":{"line":50,"column":15}},"line":47},"2":{"name":"(anonymous_2)","decl":{"start":{"line":49,"column":6},"end":{"line":49,"column":7}},"loc":{"start":{"line":49,"column":16},"end":{"line":49,"column":85}},"line":49},"3":{"name":"(anonymous_3)","decl":{"start":{"line":76,"column":23},"end":{"line":76,"column":24}},"loc":{"start":{"line":76,"column":53},"end":{"line":79,"column":1}},"line":76},"4":{"name":"(anonymous_4)","decl":{"start":{"line":94,"column":21},"end":{"line":94,"column":22}},"loc":{"start":{"line":94,"column":44},"end":{"line":94,"column":102}},"line":94},"5":{"name":"(anonymous_5)","decl":{"start":{"line":121,"column":22},"end":{"line":121,"column":23}},"loc":{"start":{"line":122,"column":2},"end":{"line":124,"column":41}},"line":122},"6":{"name":"(anonymous_6)","decl":{"start":{"line":141,"column":25},"end":{"line":141,"column":26}},"loc":{"start":{"line":141,"column":63},"end":{"line":149,"column":1}},"line":141},"7":{"name":"(anonymous_7)","decl":{"start":{"line":163,"column":23},"end":{"line":163,"column":24}},"loc":{"start":{"line":163,"column":36},"end":{"line":163,"column":85}},"line":163},"8":{"name":"(anonymous_8)","decl":{"start":{"line":163,"column":48},"end":{"line":163,"column":49}},"loc":{"start":{"line":163,"column":60},"end":{"line":163,"column":67}},"line":163}},"branchMap":{"0":{"loc":{"start":{"line":46,"column":35},"end":{"line":46,"column":50}},"type":"default-arg","locations":[{"start":{"line":46,"column":47},"end":{"line":46,"column":50}}],"line":46},"1":{"loc":{"start":{"line":47,"column":2},"end":{"line":50,"column":15}},"type":"cond-expr","locations":[{"start":{"line":47,"column":18},"end":{"line":47,"column":21}},{"start":{"line":47,"column":24},"end":{"line":50,"column":15}}],"line":47},"2":{"loc":{"start":{"line":47,"column":24},"end":{"line":50,"column":15}},"type":"cond-expr","locations":[{"start":{"line":48,"column":6},"end":{"line":48,"column":9}},{"start":{"line":48,"column":12},"end":{"line":50,"column":15}}],"line":47},"3":{"loc":{"start":{"line":49,"column":16},"end":{"line":49,"column":85}},"type":"cond-expr","locations":[{"start":{"line":49,"column":26},"end":{"line":49,"column":81}},{"start":{"line":49,"column":84},"end":{"line":49,"column":85}}],"line":49},"4":{"loc":{"start":{"line":76,"column":38},"end":{"line":76,"column":48}},"type":"default-arg","locations":[{"start":{"line":76,"column":44},"end":{"line":76,"column":48}}],"line":76},"5":{"loc":{"start":{"line":77,"column":2},"end":{"line":77,"column":53}},"type":"if","locations":[{"start":{"line":77,"column":2},"end":{"line":77,"column":53}},{"start":{"line":77,"column":2},"end":{"line":77,"column":53}}],"line":77},"6":{"loc":{"start":{"line":77,"column":6},"end":{"line":77,"column":24}},"type":"binary-expr","locations":[{"start":{"line":77,"column":6},"end":{"line":77,"column":9}},{"start":{"line":77,"column":13},"end":{"line":77,"column":24}}],"line":77},"7":{"loc":{"start":{"line":78,"column":9},"end":{"line":78,"column":82}},"type":"cond-expr","locations":[{"start":{"line":78,"column":23},"end":{"line":78,"column":50}},{"start":{"line":78,"column":53},"end":{"line":78,"column":82}}],"line":78},"8":{"loc":{"start":{"line":78,"column":23},"end":{"line":78,"column":50}},"type":"binary-expr","locations":[{"start":{"line":78,"column":23},"end":{"line":78,"column":33}},{"start":{"line":78,"column":37},"end":{"line":78,"column":50}}],"line":78},"9":{"loc":{"start":{"line":78,"column":53},"end":{"line":78,"column":82}},"type":"binary-expr","locations":[{"start":{"line":78,"column":53},"end":{"line":78,"column":67}},{"start":{"line":78,"column":71},"end":{"line":78,"column":82}}],"line":78},"10":{"loc":{"start":{"line":94,"column":27},"end":{"line":94,"column":39}},"type":"default-arg","locations":[{"start":{"line":94,"column":38},"end":{"line":94,"column":39}}],"line":94},"11":{"loc":{"start":{"line":122,"column":2},"end":{"line":124,"column":41}},"type":"cond-expr","locations":[{"start":{"line":123,"column":6},"end":{"line":123,"column":68}},{"start":{"line":124,"column":6},"end":{"line":124,"column":41}}],"line":122},"12":{"loc":{"start":{"line":122,"column":2},"end":{"line":122,"column":14}},"type":"binary-expr","locations":[{"start":{"line":122,"column":2},"end":{"line":122,"column":7}},{"start":{"line":122,"column":11},"end":{"line":122,"column":14}}],"line":122},"13":{"loc":{"start":{"line":124,"column":23},"end":{"line":124,"column":40}},"type":"binary-expr","locations":[{"start":{"line":124,"column":23},"end":{"line":124,"column":28}},{"start":{"line":124,"column":32},"end":{"line":124,"column":35}},{"start":{"line":124,"column":39},"end":{"line":124,"column":40}}],"line":124},"14":{"loc":{"start":{"line":141,"column":42},"end":{"line":141,"column":58}},"type":"default-arg","locations":[{"start":{"line":141,"column":54},"end":{"line":141,"column":58}}],"line":141},"15":{"loc":{"start":{"line":143,"column":2},"end":{"line":145,"column":3}},"type":"if","locations":[{"start":{"line":143,"column":2},"end":{"line":145,"column":3}},{"start":{"line":143,"column":2},"end":{"line":145,"column":3}}],"line":143},"16":{"loc":{"start":{"line":144,"column":11},"end":{"line":144,"column":67}},"type":"cond-expr","locations":[{"start":{"line":144,"column":23},"end":{"line":144,"column":56}},{"start":{"line":144,"column":59},"end":{"line":144,"column":67}}],"line":144},"17":{"loc":{"start":{"line":148,"column":9},"end":{"line":148,"column":45}},"type":"cond-expr","locations":[{"start":{"line":148,"column":21},"end":{"line":148,"column":39}},{"start":{"line":148,"column":42},"end":{"line":148,"column":45}}],"line":148}},"s":{"0":7,"1":3,"2":7,"3":6,"4":6,"5":7,"6":5,"7":1,"8":5,"9":7,"10":2,"11":7,"12":7,"13":7,"14":5,"15":5,"16":2,"17":3,"18":3,"19":3,"20":7,"21":2,"22":6},"f":{"0":3,"1":6,"2":6,"3":5,"4":2,"5":7,"6":5,"7":2,"8":6},"b":{"0":[5],"1":[1,5],"2":[1,4],"3":[4,2],"4":[2],"5":[1,4],"6":[5,3],"7":[2,3],"8":[2,2],"9":[3,1],"10":[1],"11":[3,4],"12":[7,5],"13":[4,2,1],"14":[2],"15":[2,3],"16":[1,1],"17":[1,2]},"_coverageSchema":"43e27e138ebf9cfc5966b082cf9a028302ed4184","hash":"83a715a98d641edbf9e5f20a022c0960615a5369"}
,"E:\\前端\\usuallyjs\\src\\object.js": {"path":"E:\\前端\\usuallyjs\\src\\object.js","statementMap":{"0":{"start":{"line":16,"column":25},"end":{"line":22,"column":1}},"1":{"start":{"line":17,"column":14},"end":{"line":17,"column":36}},"2":{"start":{"line":18,"column":2},"end":{"line":20,"column":4}},"3":{"start":{"line":19,"column":4},"end":{"line":19,"column":60}},"4":{"start":{"line":21,"column":2},"end":{"line":21,"column":86}},"5":{"start":{"line":36,"column":26},"end":{"line":43,"column":1}},"6":{"start":{"line":37,"column":2},"end":{"line":41,"column":4}},"7":{"start":{"line":38,"column":4},"end":{"line":40,"column":5}},"8":{"start":{"line":39,"column":6},"end":{"line":39,"column":27}},"9":{"start":{"line":42,"column":2},"end":{"line":42,"column":27}},"10":{"start":{"line":56,"column":26},"end":{"line":62,"column":1}},"11":{"start":{"line":57,"column":2},"end":{"line":61,"column":11}},"12":{"start":{"line":58,"column":27},"end":{"line":61,"column":5}},"13":{"start":{"line":74,"column":20},"end":{"line":78,"column":1}},"14":{"start":{"line":75,"column":2},"end":{"line":77,"column":59}},"15":{"start":{"line":76,"column":17},"end":{"line":76,"column":33}},"16":{"start":{"line":77,"column":27},"end":{"line":77,"column":53}},"17":{"start":{"line":98,"column":23},"end":{"line":98,"column":63}},"18":{"start":{"line":98,"column":30},"end":{"line":98,"column":63}}},"fnMap":{"0":{"name":"(anonymous_0)","decl":{"start":{"line":16,"column":25},"end":{"line":16,"column":26}},"loc":{"start":{"line":16,"column":32},"end":{"line":22,"column":1}},"line":16},"1":{"name":"(anonymous_1)","decl":{"start":{"line":18,"column":29},"end":{"line":18,"column":30}},"loc":{"start":{"line":18,"column":34},"end":{"line":20,"column":3}},"line":18},"2":{"name":"(anonymous_2)","decl":{"start":{"line":36,"column":26},"end":{"line":36,"column":27}},"loc":{"start":{"line":36,"column":33},"end":{"line":43,"column":1}},"line":36},"3":{"name":"(anonymous_3)","decl":{"start":{"line":37,"column":27},"end":{"line":37,"column":28}},"loc":{"start":{"line":37,"column":35},"end":{"line":41,"column":3}},"line":37},"4":{"name":"(anonymous_4)","decl":{"start":{"line":56,"column":26},"end":{"line":56,"column":27}},"loc":{"start":{"line":57,"column":2},"end":{"line":61,"column":11}},"line":57},"5":{"name":"(anonymous_5)","decl":{"start":{"line":58,"column":12},"end":{"line":58,"column":13}},"loc":{"start":{"line":58,"column":27},"end":{"line":61,"column":5}},"line":58},"6":{"name":"(anonymous_6)","decl":{"start":{"line":74,"column":20},"end":{"line":74,"column":21}},"loc":{"start":{"line":75,"column":2},"end":{"line":77,"column":59}},"line":75},"7":{"name":"(anonymous_7)","decl":{"start":{"line":76,"column":12},"end":{"line":76,"column":13}},"loc":{"start":{"line":76,"column":17},"end":{"line":76,"column":33}},"line":76},"8":{"name":"(anonymous_8)","decl":{"start":{"line":77,"column":12},"end":{"line":77,"column":13}},"loc":{"start":{"line":77,"column":27},"end":{"line":77,"column":53}},"line":77},"9":{"name":"(anonymous_9)","decl":{"start":{"line":98,"column":23},"end":{"line":98,"column":24}},"loc":{"start":{"line":98,"column":30},"end":{"line":98,"column":63}},"line":98}},"branchMap":{"0":{"loc":{"start":{"line":19,"column":15},"end":{"line":19,"column":60}},"type":"cond-expr","locations":[{"start":{"line":19,"column":34},"end":{"line":19,"column":51}},{"start":{"line":19,"column":54},"end":{"line":19,"column":60}}],"line":19},"1":{"loc":{"start":{"line":21,"column":9},"end":{"line":21,"column":86}},"type":"cond-expr","locations":[{"start":{"line":21,"column":30},"end":{"line":21,"column":78}},{"start":{"line":21,"column":81},"end":{"line":21,"column":86}}],"line":21},"2":{"loc":{"start":{"line":21,"column":30},"end":{"line":21,"column":78}},"type":"binary-expr","locations":[{"start":{"line":21,"column":31},"end":{"line":21,"column":56}},{"start":{"line":21,"column":61},"end":{"line":21,"column":78}}],"line":21},"3":{"loc":{"start":{"line":38,"column":4},"end":{"line":40,"column":5}},"type":"if","locations":[{"start":{"line":38,"column":4},"end":{"line":40,"column":5}},{"start":{"line":38,"column":4},"end":{"line":40,"column":5}}],"line":38},"4":{"loc":{"start":{"line":38,"column":8},"end":{"line":38,"column":57}},"type":"binary-expr","locations":[{"start":{"line":38,"column":8},"end":{"line":38,"column":35}},{"start":{"line":38,"column":39},"end":{"line":38,"column":57}}],"line":38},"5":{"loc":{"start":{"line":60,"column":12},"end":{"line":60,"column":27}},"type":"binary-expr","locations":[{"start":{"line":60,"column":12},"end":{"line":60,"column":20}},{"start":{"line":60,"column":24},"end":{"line":60,"column":27}}],"line":60},"6":{"loc":{"start":{"line":98,"column":32},"end":{"line":98,"column":55}},"type":"binary-expr","locations":[{"start":{"line":98,"column":32},"end":{"line":98,"column":48}},{"start":{"line":98,"column":52},"end":{"line":98,"column":55}}],"line":98}},"s":{"0":7,"1":3,"2":3,"3":6,"4":3,"5":7,"6":4,"7":7,"8":2,"9":4,"10":7,"11":1,"12":3,"13":7,"14":1,"15":3,"16":2,"17":7,"18":9},"f":{"0":3,"1":6,"2":4,"3":7,"4":1,"5":3,"6":1,"7":3,"8":2,"9":9},"b":{"0":[1,5],"1":[1,2],"2":[1,1],"3":[2,5],"4":[7,2],"5":[3,2],"6":[9,0]},"_coverageSchema":"43e27e138ebf9cfc5966b082cf9a028302ed4184","hash":"164bb728bf43d8ee876e1350339920a6eb18fac2"}
,"E:\\前端\\usuallyjs\\src\\string.js": {"path":"E:\\前端\\usuallyjs\\src\\string.js","statementMap":{"0":{"start":{"line":19,"column":24},"end":{"line":19,"column":51}},"1":{"start":{"line":19,"column":31},"end":{"line":19,"column":51}},"2":{"start":{"line":30,"column":29},"end":{"line":30,"column":63}},"3":{"start":{"line":30,"column":36},"end":{"line":30,"column":63}},"4":{"start":{"line":42,"column":28},"end":{"line":45,"column":1}},"5":{"start":{"line":43,"column":2},"end":{"line":43,"column":37}},"6":{"start":{"line":44,"column":2},"end":{"line":44,"column":81}},"7":{"start":{"line":44,"column":47},"end":{"line":44,"column":70}},"8":{"start":{"line":59,"column":24},"end":{"line":62,"column":1}},"9":{"start":{"line":60,"column":14},"end":{"line":60,"column":53}},"10":{"start":{"line":61,"column":2},"end":{"line":61,"column":101}},"11":{"start":{"line":61,"column":31},"end":{"line":61,"column":95}},"12":{"start":{"line":74,"column":26},"end":{"line":74,"column":60}},"13":{"start":{"line":74,"column":33},"end":{"line":74,"column":60}},"14":{"start":{"line":86,"column":26},"end":{"line":94,"column":1}},"15":{"start":{"line":86,"column":33},"end":{"line":94,"column":1}},"16":{"start":{"line":88,"column":10},"end":{"line":93,"column":15}},"17":{"start":{"line":106,"column":28},"end":{"line":114,"column":1}},"18":{"start":{"line":106,"column":35},"end":{"line":114,"column":1}},"19":{"start":{"line":108,"column":10},"end":{"line":113,"column":15}},"20":{"start":{"line":131,"column":20},"end":{"line":133,"column":10}},"21":{"start":{"line":131,"column":61},"end":{"line":133,"column":10}},"22":{"start":{"line":132,"column":12},"end":{"line":132,"column":62}},"23":{"start":{"line":143,"column":25},"end":{"line":143,"column":97}},"24":{"start":{"line":143,"column":31},"end":{"line":143,"column":97}},"25":{"start":{"line":157,"column":25},"end":{"line":162,"column":1}},"26":{"start":{"line":158,"column":2},"end":{"line":161,"column":13}},"27":{"start":{"line":160,"column":14},"end":{"line":160,"column":19}},"28":{"start":{"line":180,"column":24},"end":{"line":189,"column":1}},"29":{"start":{"line":181,"column":19},"end":{"line":181,"column":38}},"30":{"start":{"line":182,"column":15},"end":{"line":182,"column":53}},"31":{"start":{"line":183,"column":2},"end":{"line":183,"column":72}},"32":{"start":{"line":183,"column":27},"end":{"line":183,"column":72}},"33":{"start":{"line":183,"column":57},"end":{"line":183,"column":62}},"34":{"start":{"line":184,"column":2},"end":{"line":187,"column":14}},"35":{"start":{"line":185,"column":14},"end":{"line":185,"column":29}},"36":{"start":{"line":188,"column":2},"end":{"line":188,"column":47}},"37":{"start":{"line":203,"column":24},"end":{"line":208,"column":1}},"38":{"start":{"line":204,"column":2},"end":{"line":207,"column":13}},"39":{"start":{"line":206,"column":14},"end":{"line":206,"column":53}},"40":{"start":{"line":219,"column":27},"end":{"line":226,"column":1}},"41":{"start":{"line":220,"column":2},"end":{"line":225,"column":10}},"42":{"start":{"line":221,"column":14},"end":{"line":221,"column":26}},"43":{"start":{"line":223,"column":6},"end":{"line":223,"column":76}},"44":{"start":{"line":224,"column":6},"end":{"line":224,"column":16}},"45":{"start":{"line":240,"column":28},"end":{"line":245,"column":1}},"46":{"start":{"line":241,"column":14},"end":{"line":241,"column":34}},"47":{"start":{"line":242,"column":12},"end":{"line":242,"column":28}},"48":{"start":{"line":243,"column":2},"end":{"line":243,"column":30}},"49":{"start":{"line":244,"column":2},"end":{"line":244,"column":10}}},"fnMap":{"0":{"name":"(anonymous_0)","decl":{"start":{"line":19,"column":24},"end":{"line":19,"column":25}},"loc":{"start":{"line":19,"column":31},"end":{"line":19,"column":51}},"line":19},"1":{"name":"(anonymous_1)","decl":{"start":{"line":30,"column":29},"end":{"line":30,"column":30}},"loc":{"start":{"line":30,"column":36},"end":{"line":30,"column":63}},"line":30},"2":{"name":"(anonymous_2)","decl":{"start":{"line":42,"column":28},"end":{"line":42,"column":29}},"loc":{"start":{"line":42,"column":45},"end":{"line":45,"column":1}},"line":42},"3":{"name":"(anonymous_3)","decl":{"start":{"line":44,"column":40},"end":{"line":44,"column":41}},"loc":{"start":{"line":44,"column":47},"end":{"line":44,"column":70}},"line":44},"4":{"name":"(anonymous_4)","decl":{"start":{"line":59,"column":24},"end":{"line":59,"column":25}},"loc":{"start":{"line":59,"column":31},"end":{"line":62,"column":1}},"line":59},"5":{"name":"(anonymous_5)","decl":{"start":{"line":61,"column":20},"end":{"line":61,"column":21}},"loc":{"start":{"line":61,"column":31},"end":{"line":61,"column":95}},"line":61},"6":{"name":"(anonymous_6)","decl":{"start":{"line":74,"column":26},"end":{"line":74,"column":27}},"loc":{"start":{"line":74,"column":33},"end":{"line":74,"column":60}},"line":74},"7":{"name":"(anonymous_7)","decl":{"start":{"line":86,"column":26},"end":{"line":86,"column":27}},"loc":{"start":{"line":86,"column":33},"end":{"line":94,"column":1}},"line":86},"8":{"name":"(anonymous_8)","decl":{"start":{"line":88,"column":2},"end":{"line":88,"column":3}},"loc":{"start":{"line":88,"column":10},"end":{"line":93,"column":15}},"line":88},"9":{"name":"(anonymous_9)","decl":{"start":{"line":106,"column":28},"end":{"line":106,"column":29}},"loc":{"start":{"line":106,"column":35},"end":{"line":114,"column":1}},"line":106},"10":{"name":"(anonymous_10)","decl":{"start":{"line":108,"column":2},"end":{"line":108,"column":3}},"loc":{"start":{"line":108,"column":10},"end":{"line":113,"column":15}},"line":108},"11":{"name":"(anonymous_11)","decl":{"start":{"line":131,"column":20},"end":{"line":131,"column":21}},"loc":{"start":{"line":131,"column":61},"end":{"line":133,"column":10}},"line":131},"12":{"name":"(anonymous_12)","decl":{"start":{"line":132,"column":2},"end":{"line":132,"column":3}},"loc":{"start":{"line":132,"column":12},"end":{"line":132,"column":62}},"line":132},"13":{"name":"(anonymous_13)","decl":{"start":{"line":143,"column":25},"end":{"line":143,"column":26}},"loc":{"start":{"line":143,"column":31},"end":{"line":143,"column":97}},"line":143},"14":{"name":"(anonymous_14)","decl":{"start":{"line":157,"column":25},"end":{"line":157,"column":26}},"loc":{"start":{"line":157,"column":37},"end":{"line":162,"column":1}},"line":157},"15":{"name":"(anonymous_15)","decl":{"start":{"line":160,"column":9},"end":{"line":160,"column":10}},"loc":{"start":{"line":160,"column":14},"end":{"line":160,"column":19}},"line":160},"16":{"name":"(anonymous_16)","decl":{"start":{"line":180,"column":24},"end":{"line":180,"column":25}},"loc":{"start":{"line":180,"column":40},"end":{"line":189,"column":1}},"line":180},"17":{"name":"(anonymous_17)","decl":{"start":{"line":183,"column":52},"end":{"line":183,"column":53}},"loc":{"start":{"line":183,"column":57},"end":{"line":183,"column":62}},"line":183},"18":{"name":"(anonymous_18)","decl":{"start":{"line":185,"column":9},"end":{"line":185,"column":10}},"loc":{"start":{"line":185,"column":14},"end":{"line":185,"column":29}},"line":185},"19":{"name":"(anonymous_19)","decl":{"start":{"line":203,"column":24},"end":{"line":203,"column":25}},"loc":{"start":{"line":203,"column":31},"end":{"line":208,"column":1}},"line":203},"20":{"name":"(anonymous_20)","decl":{"start":{"line":206,"column":9},"end":{"line":206,"column":10}},"loc":{"start":{"line":206,"column":14},"end":{"line":206,"column":53}},"line":206},"21":{"name":"(anonymous_21)","decl":{"start":{"line":219,"column":27},"end":{"line":219,"column":28}},"loc":{"start":{"line":219,"column":34},"end":{"line":226,"column":1}},"line":219},"22":{"name":"(anonymous_22)","decl":{"start":{"line":221,"column":9},"end":{"line":221,"column":10}},"loc":{"start":{"line":221,"column":14},"end":{"line":221,"column":26}},"line":221},"23":{"name":"(anonymous_23)","decl":{"start":{"line":222,"column":12},"end":{"line":222,"column":13}},"loc":{"start":{"line":222,"column":24},"end":{"line":225,"column":5}},"line":222},"24":{"name":"(anonymous_24)","decl":{"start":{"line":240,"column":28},"end":{"line":240,"column":29}},"loc":{"start":{"line":240,"column":35},"end":{"line":245,"column":1}},"line":240}},"branchMap":{"0":{"loc":{"start":{"line":43,"column":9},"end":{"line":43,"column":37}},"type":"cond-expr","locations":[{"start":{"line":43,"column":28},"end":{"line":43,"column":31}},{"start":{"line":43,"column":34},"end":{"line":43,"column":37}}],"line":43},"1":{"loc":{"start":{"line":60,"column":14},"end":{"line":60,"column":53}},"type":"binary-expr","locations":[{"start":{"line":60,"column":14},"end":{"line":60,"column":47}},{"start":{"line":60,"column":51},"end":{"line":60,"column":53}}],"line":60},"2":{"loc":{"start":{"line":88,"column":10},"end":{"line":93,"column":15}},"type":"binary-expr","locations":[{"start":{"line":88,"column":10},"end":{"line":93,"column":8}},{"start":{"line":93,"column":12},"end":{"line":93,"column":15}}],"line":88},"3":{"loc":{"start":{"line":108,"column":10},"end":{"line":113,"column":15}},"type":"binary-expr","locations":[{"start":{"line":108,"column":10},"end":{"line":113,"column":8}},{"start":{"line":113,"column":12},"end":{"line":113,"column":15}}],"line":108},"4":{"loc":{"start":{"line":131,"column":26},"end":{"line":131,"column":35}},"type":"default-arg","locations":[{"start":{"line":131,"column":34},"end":{"line":131,"column":35}}],"line":131},"5":{"loc":{"start":{"line":131,"column":37},"end":{"line":131,"column":44}},"type":"default-arg","locations":[{"start":{"line":131,"column":43},"end":{"line":131,"column":44}}],"line":131},"6":{"loc":{"start":{"line":131,"column":46},"end":{"line":131,"column":56}},"type":"default-arg","locations":[{"start":{"line":131,"column":53},"end":{"line":131,"column":56}}],"line":131},"7":{"loc":{"start":{"line":132,"column":12},"end":{"line":132,"column":62}},"type":"cond-expr","locations":[{"start":{"line":132,"column":54},"end":{"line":132,"column":58}},{"start":{"line":132,"column":61},"end":{"line":132,"column":62}}],"line":132},"8":{"loc":{"start":{"line":132,"column":12},"end":{"line":132,"column":51}},"type":"binary-expr","locations":[{"start":{"line":132,"column":12},"end":{"line":132,"column":22}},{"start":{"line":132,"column":26},"end":{"line":132,"column":51}}],"line":132},"9":{"loc":{"start":{"line":158,"column":30},"end":{"line":158,"column":62}},"type":"cond-expr","locations":[{"start":{"line":158,"column":57},"end":{"line":158,"column":58}},{"start":{"line":158,"column":61},"end":{"line":158,"column":62}}],"line":158},"10":{"loc":{"start":{"line":182,"column":25},"end":{"line":182,"column":52}},"type":"cond-expr","locations":[{"start":{"line":182,"column":47},"end":{"line":182,"column":48}},{"start":{"line":182,"column":51},"end":{"line":182,"column":52}}],"line":182},"11":{"loc":{"start":{"line":183,"column":2},"end":{"line":183,"column":72}},"type":"if","locations":[{"start":{"line":183,"column":2},"end":{"line":183,"column":72}},{"start":{"line":183,"column":2},"end":{"line":183,"column":72}}],"line":183},"12":{"loc":{"start":{"line":186,"column":12},"end":{"line":186,"column":35}},"type":"cond-expr","locations":[{"start":{"line":186,"column":23},"end":{"line":186,"column":30}},{"start":{"line":186,"column":33},"end":{"line":186,"column":35}}],"line":186},"13":{"loc":{"start":{"line":188,"column":15},"end":{"line":188,"column":34}},"type":"cond-expr","locations":[{"start":{"line":188,"column":26},"end":{"line":188,"column":29}},{"start":{"line":188,"column":32},"end":{"line":188,"column":34}}],"line":188}},"s":{"0":7,"1":3,"2":7,"3":1,"4":7,"5":2,"6":2,"7":3,"8":7,"9":2,"10":2,"11":2,"12":7,"13":1,"14":7,"15":1,"16":7,"17":7,"18":1,"19":7,"20":7,"21":7,"22":63,"23":7,"24":0,"25":7,"26":2,"27":6,"28":7,"29":3,"30":3,"31":3,"32":3,"33":9,"34":3,"35":9,"36":3,"37":7,"38":2,"39":6,"40":7,"41":1,"42":2,"43":2,"44":2,"45":7,"46":2,"47":2,"48":2,"49":2},"f":{"0":3,"1":1,"2":2,"3":3,"4":2,"5":2,"6":1,"7":1,"8":7,"9":1,"10":7,"11":7,"12":63,"13":0,"14":2,"15":6,"16":3,"17":9,"18":9,"19":2,"20":6,"21":1,"22":2,"23":2,"24":2},"b":{"0":[1,1],"1":[2,1],"2":[7,0],"3":[7,0],"4":[1],"5":[2],"6":[5],"7":[33,30],"8":[63,49],"9":[1,1],"10":[2,1],"11":[3,0],"12":[1,2],"13":[1,2]},"_coverageSchema":"43e27e138ebf9cfc5966b082cf9a028302ed4184","hash":"5480836e79f5760d1ead27dff92559763fb17068"}
,"E:\\前端\\usuallyjs\\src\\type.js": {"path":"E:\\前端\\usuallyjs\\src\\type.js","statementMap":{"0":{"start":{"line":12,"column":23},"end":{"line":14,"column":1}},"1":{"start":{"line":13,"column":2},"end":{"line":13,"column":93}},"2":{"start":{"line":34,"column":24},"end":{"line":34,"column":58}},"3":{"start":{"line":34,"column":33},"end":{"line":34,"column":58}},"4":{"start":{"line":48,"column":24},"end":{"line":48,"column":58}},"5":{"start":{"line":48,"column":33},"end":{"line":48,"column":58}},"6":{"start":{"line":62,"column":22},"end":{"line":62,"column":45}},"7":{"start":{"line":62,"column":31},"end":{"line":62,"column":45}},"8":{"start":{"line":76,"column":27},"end":{"line":76,"column":55}},"9":{"start":{"line":76,"column":36},"end":{"line":76,"column":55}},"10":{"start":{"line":90,"column":25},"end":{"line":90,"column":60}},"11":{"start":{"line":90,"column":34},"end":{"line":90,"column":60}},"12":{"start":{"line":101,"column":24},"end":{"line":101,"column":58}},"13":{"start":{"line":101,"column":33},"end":{"line":101,"column":58}},"14":{"start":{"line":115,"column":26},"end":{"line":115,"column":62}},"15":{"start":{"line":115,"column":35},"end":{"line":115,"column":62}},"16":{"start":{"line":129,"column":23},"end":{"line":129,"column":48}},"17":{"start":{"line":129,"column":30},"end":{"line":129,"column":48}},"18":{"start":{"line":146,"column":24},"end":{"line":146,"column":75}},"19":{"start":{"line":146,"column":33},"end":{"line":146,"column":75}}},"fnMap":{"0":{"name":"(anonymous_0)","decl":{"start":{"line":12,"column":23},"end":{"line":12,"column":24}},"loc":{"start":{"line":13,"column":2},"end":{"line":13,"column":93}},"line":13},"1":{"name":"(anonymous_1)","decl":{"start":{"line":34,"column":24},"end":{"line":34,"column":25}},"loc":{"start":{"line":34,"column":33},"end":{"line":34,"column":58}},"line":34},"2":{"name":"(anonymous_2)","decl":{"start":{"line":48,"column":24},"end":{"line":48,"column":25}},"loc":{"start":{"line":48,"column":33},"end":{"line":48,"column":58}},"line":48},"3":{"name":"(anonymous_3)","decl":{"start":{"line":62,"column":22},"end":{"line":62,"column":23}},"loc":{"start":{"line":62,"column":31},"end":{"line":62,"column":45}},"line":62},"4":{"name":"(anonymous_4)","decl":{"start":{"line":76,"column":27},"end":{"line":76,"column":28}},"loc":{"start":{"line":76,"column":36},"end":{"line":76,"column":55}},"line":76},"5":{"name":"(anonymous_5)","decl":{"start":{"line":90,"column":25},"end":{"line":90,"column":26}},"loc":{"start":{"line":90,"column":34},"end":{"line":90,"column":60}},"line":90},"6":{"name":"(anonymous_6)","decl":{"start":{"line":101,"column":24},"end":{"line":101,"column":25}},"loc":{"start":{"line":101,"column":33},"end":{"line":101,"column":58}},"line":101},"7":{"name":"(anonymous_7)","decl":{"start":{"line":115,"column":26},"end":{"line":115,"column":27}},"loc":{"start":{"line":115,"column":35},"end":{"line":115,"column":62}},"line":115},"8":{"name":"(anonymous_8)","decl":{"start":{"line":129,"column":23},"end":{"line":129,"column":24}},"loc":{"start":{"line":129,"column":30},"end":{"line":129,"column":48}},"line":129},"9":{"name":"(anonymous_9)","decl":{"start":{"line":146,"column":24},"end":{"line":146,"column":25}},"loc":{"start":{"line":146,"column":33},"end":{"line":146,"column":75}},"line":146}},"branchMap":{"0":{"loc":{"start":{"line":13,"column":2},"end":{"line":13,"column":93}},"type":"cond-expr","locations":[{"start":{"line":13,"column":22},"end":{"line":13,"column":33}},{"start":{"line":13,"column":36},"end":{"line":13,"column":93}}],"line":13},"1":{"loc":{"start":{"line":13,"column":36},"end":{"line":13,"column":93}},"type":"cond-expr","locations":[{"start":{"line":13,"column":50},"end":{"line":13,"column":56}},{"start":{"line":13,"column":59},"end":{"line":13,"column":93}}],"line":13},"2":{"loc":{"start":{"line":146,"column":33},"end":{"line":146,"column":75}},"type":"binary-expr","locations":[{"start":{"line":146,"column":33},"end":{"line":146,"column":56}},{"start":{"line":146,"column":60},"end":{"line":146,"column":75}}],"line":146}},"s":{"0":7,"1":3,"2":7,"3":4,"4":7,"5":2,"6":7,"7":15,"8":7,"9":8,"10":7,"11":2,"12":7,"13":2,"14":7,"15":11,"16":7,"17":7,"18":7,"19":9},"f":{"0":3,"1":4,"2":2,"3":15,"4":8,"5":2,"6":2,"7":11,"8":7,"9":9},"b":{"0":[1,2],"1":[1,1],"2":[9,4]},"_coverageSchema":"43e27e138ebf9cfc5966b082cf9a028302ed4184","hash":"0ef4a093cdbb8d0c2cdc1ea042e47a5d769c68ff"}
}
