TN:
SF:C:\Users\Administrator.USER-20180712SB\Desktop\usuallyjs\src\array.js
FN:16,(anonymous_0)
FN:28,(anonymous_1)
FN:59,(anonymous_2)
FN:59,(anonymous_3)
FN:60,(anonymous_4)
FN:73,(anonymous_5)
FN:74,(anonymous_6)
FN:97,(anonymous_7)
FN:98,(anonymous_8)
FN:114,(anonymous_9)
FN:116,(anonymous_10)
FN:137,(anonymous_11)
FN:138,(anonymous_12)
FN:138,(anonymous_13)
FN:156,(anonymous_14)
FN:156,(anonymous_15)
FN:173,(anonymous_16)
FN:173,(anonymous_17)
FN:185,(anonymous_18)
FN:186,(anonymous_19)
FNF:20
FNH:20
FNDA:2,(anonymous_0)
FNDA:1,(anonymous_1)
FNDA:2,(anonymous_2)
FNDA:8,(anonymous_3)
FNDA:8,(anonymous_4)
FNDA:1,(anonymous_5)
FNDA:7,(anonymous_6)
FNDA:3,(anonymous_7)
FNDA:3,(anonymous_8)
FNDA:1,(anonymous_9)
FNDA:3,(anonymous_10)
FNDA:2,(anonymous_11)
FNDA:2,(anonymous_12)
FNDA:4,(anonymous_13)
FNDA:2,(anonymous_14)
FNDA:2,(anonymous_15)
FNDA:2,(anonymous_16)
FNDA:2,(anonymous_17)
FNDA:1,(anonymous_18)
FNDA:3,(anonymous_19)
DA:16,7
DA:28,7
DA:59,7
DA:60,8
DA:61,8
DA:73,7
DA:75,7
DA:97,7
DA:98,3
DA:114,7
DA:115,1
DA:116,1
DA:117,3
DA:118,3
DA:137,7
DA:138,4
DA:156,7
DA:173,7
DA:185,7
DA:186,1
DA:187,3
LF:21
LH:21
BRDA:59,0,0,1
BRDA:59,0,1,1
BRDA:60,1,0,6
BRDA:60,1,1,2
BRDA:75,2,0,7
BRDA:75,2,1,5
BRDA:97,3,0,1
BRDA:98,4,0,1
BRDA:98,4,1,2
BRDA:138,5,0,1
BRDA:138,5,1,1
BRDA:156,6,0,1
BRDA:156,6,1,1
BRDA:173,7,0,1
BRDA:173,7,1,1
BRF:15
BRH:15
end_of_record
TN:
SF:C:\Users\Administrator.USER-20180712SB\Desktop\usuallyjs\src\date.js
FN:19,(anonymous_0)
FN:21,(anonymous_1)
FN:24,(anonymous_2)
FN:47,(anonymous_3)
FN:70,(anonymous_4)
FN:95,(anonymous_5)
FN:119,(anonymous_6)
FN:138,(anonymous_7)
FN:156,(anonymous_8)
FNF:9
FNH:9
FNDA:5,(anonymous_0)
FNDA:105,(anonymous_1)
FNDA:21,(anonymous_2)
FNDA:5,(anonymous_3)
FNDA:7,(anonymous_4)
FNDA:3,(anonymous_5)
FNDA:3,(anonymous_6)
FNDA:2,(anonymous_7)
FNDA:3,(anonymous_8)
DA:19,7
DA:20,5
DA:21,105
DA:22,5
DA:24,21
DA:47,7
DA:48,5
DA:49,5
DA:50,5
DA:51,5
DA:70,7
DA:71,7
DA:72,7
DA:95,7
DA:96,3
DA:97,3
DA:98,3
DA:119,7
DA:120,3
DA:121,3
DA:122,3
DA:138,7
DA:156,7
LF:23
LH:23
BRDA:19,0,0,1
BRDA:19,1,0,3
BRDA:21,2,0,15
BRDA:21,2,1,90
BRDA:24,3,0,21
BRDA:24,3,1,0
BRDA:47,4,0,1
BRDA:70,5,0,3
BRDA:70,6,0,1
BRDA:72,7,0,2
BRDA:72,7,1,5
BRDA:95,8,0,0
BRDA:119,9,0,0
BRDA:156,10,0,2
BRF:14
BRH:11
end_of_record
TN:
SF:C:\Users\Administrator.USER-20180712SB\Desktop\usuallyjs\src\function.js
FN:13,(anonymous_0)
FN:15,(anonymous_1)
FN:35,(anonymous_2)
FN:37,(anonymous_3)
FN:39,(anonymous_4)
FN:56,(anonymous_5)
FN:58,(anonymous_6)
FN:66,(anonymous_7)
FN:96,(anonymous_8)
FN:98,(anonymous_9)
FN:100,(anonymous_10)
FNF:11
FNH:5
FNDA:2,(anonymous_0)
FNDA:2,(anonymous_1)
FNDA:1,(anonymous_2)
FNDA:0,(anonymous_3)
FNDA:0,(anonymous_4)
FNDA:1,(anonymous_5)
FNDA:1,(anonymous_6)
FNDA:0,(anonymous_7)
FNDA:0,(anonymous_8)
FNDA:0,(anonymous_9)
FNDA:0,(anonymous_10)
DA:13,7
DA:14,2
DA:15,2
DA:16,2
DA:17,1
DA:18,1
DA:35,7
DA:37,1
DA:38,0
DA:39,0
DA:56,7
DA:58,1
DA:59,1
DA:60,1
DA:61,1
DA:62,1
DA:63,1
DA:65,0
DA:66,0
DA:67,0
DA:68,0
DA:69,0
DA:96,7
DA:97,0
DA:99,0
DA:100,0
DA:102,0
LF:27
LH:16
BRDA:16,0,0,1
BRDA:16,0,1,1
BRDA:35,1,0,1
BRDA:60,2,0,1
BRDA:60,2,1,0
BRDA:67,3,0,0
BRDA:67,3,1,0
BRDA:99,4,0,0
BRDA:99,4,1,0
BRF:9
BRH:4
end_of_record
TN:
SF:C:\Users\Administrator.USER-20180712SB\Desktop\usuallyjs\src\index.js
FNF:0
FNH:0
LF:0
LH:0
BRF:0
BRH:0
end_of_record
TN:
SF:C:\Users\Administrator.USER-20180712SB\Desktop\usuallyjs\src\number.js
FN:19,(anonymous_0)
FN:46,(anonymous_1)
FN:49,(anonymous_2)
FN:76,(anonymous_3)
FN:94,(anonymous_4)
FN:121,(anonymous_5)
FN:141,(anonymous_6)
FN:163,(anonymous_7)
FN:163,(anonymous_8)
FNF:9
FNH:9
FNDA:3,(anonymous_0)
FNDA:6,(anonymous_1)
FNDA:6,(anonymous_2)
FNDA:5,(anonymous_3)
FNDA:2,(anonymous_4)
FNDA:13,(anonymous_5)
FNDA:5,(anonymous_6)
FNDA:2,(anonymous_7)
FNDA:6,(anonymous_8)
DA:19,7
DA:46,7
DA:47,6
DA:49,6
DA:76,7
DA:77,5
DA:78,5
DA:94,7
DA:121,7
DA:122,13
DA:141,7
DA:142,5
DA:143,5
DA:144,2
DA:146,3
DA:147,3
DA:148,3
DA:163,7
LF:18
LH:18
BRDA:46,0,0,5
BRDA:47,1,0,1
BRDA:47,1,1,5
BRDA:47,2,0,1
BRDA:47,2,1,4
BRDA:49,3,0,4
BRDA:49,3,1,2
BRDA:76,4,0,2
BRDA:77,5,0,1
BRDA:77,5,1,4
BRDA:77,6,0,5
BRDA:77,6,1,3
BRDA:78,7,0,2
BRDA:78,7,1,3
BRDA:78,8,0,2
BRDA:78,8,1,2
BRDA:78,9,0,3
BRDA:78,9,1,1
BRDA:94,10,0,1
BRDA:122,11,0,6
BRDA:122,11,1,7
BRDA:122,12,0,13
BRDA:122,12,1,8
BRDA:124,13,0,7
BRDA:124,13,1,5
BRDA:124,13,2,1
BRDA:141,14,0,2
BRDA:143,15,0,2
BRDA:143,15,1,3
BRDA:144,16,0,1
BRDA:144,16,1,1
BRDA:148,17,0,1
BRDA:148,17,1,2
BRF:33
BRH:33
end_of_record
TN:
SF:C:\Users\Administrator.USER-20180712SB\Desktop\usuallyjs\src\object.js
FN:16,(anonymous_0)
FN:18,(anonymous_1)
FN:36,(anonymous_2)
FN:37,(anonymous_3)
FN:56,(anonymous_4)
FN:58,(anonymous_5)
FN:74,(anonymous_6)
FN:76,(anonymous_7)
FN:77,(anonymous_8)
FN:98,(anonymous_9)
FN:111,(anonymous_10)
FNF:11
FNH:11
FNDA:3,(anonymous_0)
FNDA:6,(anonymous_1)
FNDA:4,(anonymous_2)
FNDA:7,(anonymous_3)
FNDA:1,(anonymous_4)
FNDA:3,(anonymous_5)
FNDA:1,(anonymous_6)
FNDA:3,(anonymous_7)
FNDA:2,(anonymous_8)
FNDA:9,(anonymous_9)
FNDA:1,(anonymous_10)
DA:16,7
DA:17,3
DA:18,3
DA:19,6
DA:21,3
DA:36,7
DA:37,4
DA:38,7
DA:39,2
DA:42,4
DA:56,7
DA:57,1
DA:58,3
DA:74,7
DA:75,1
DA:76,3
DA:77,2
DA:98,9
DA:111,7
LF:19
LH:19
BRDA:19,0,0,1
BRDA:19,0,1,5
BRDA:21,1,0,1
BRDA:21,1,1,2
BRDA:21,2,0,1
BRDA:21,2,1,1
BRDA:38,3,0,2
BRDA:38,3,1,5
BRDA:38,4,0,7
BRDA:38,4,1,2
BRDA:60,5,0,3
BRDA:60,5,1,2
BRDA:98,6,0,9
BRDA:98,6,1,0
BRF:14
BRH:13
end_of_record
TN:
SF:C:\Users\Administrator.USER-20180712SB\Desktop\usuallyjs\src\string.js
FN:20,(anonymous_0)
FN:31,(anonymous_1)
FN:43,(anonymous_2)
FN:45,(anonymous_3)
FN:60,(anonymous_4)
FN:62,(anonymous_5)
FN:75,(anonymous_6)
FN:87,(anonymous_7)
FN:89,(anonymous_8)
FN:107,(anonymous_9)
FN:109,(anonymous_10)
FN:132,(anonymous_11)
FN:133,(anonymous_12)
FN:144,(anonymous_13)
FN:160,(anonymous_14)
FN:162,(anonymous_15)
FN:180,(anonymous_16)
FN:183,(anonymous_17)
FN:203,(anonymous_18)
FN:206,(anonymous_19)
FN:208,(anonymous_20)
FN:226,(anonymous_21)
FN:229,(anonymous_22)
FN:242,(anonymous_23)
FN:244,(anonymous_24)
FN:245,(anonymous_25)
FN:263,(anonymous_26)
FN:280,(anonymous_27)
FN:291,(anonymous_28)
FN:291,(anonymous_29)
FNF:30
FNH:29
FNDA:3,(anonymous_0)
FNDA:1,(anonymous_1)
FNDA:2,(anonymous_2)
FNDA:3,(anonymous_3)
FNDA:2,(anonymous_4)
FNDA:2,(anonymous_5)
FNDA:1,(anonymous_6)
FNDA:1,(anonymous_7)
FNDA:7,(anonymous_8)
FNDA:1,(anonymous_9)
FNDA:7,(anonymous_10)
FNDA:7,(anonymous_11)
FNDA:63,(anonymous_12)
FNDA:0,(anonymous_13)
FNDA:2,(anonymous_14)
FNDA:6,(anonymous_15)
FNDA:2,(anonymous_16)
FNDA:6,(anonymous_17)
FNDA:3,(anonymous_18)
FNDA:6,(anonymous_19)
FNDA:9,(anonymous_20)
FNDA:2,(anonymous_21)
FNDA:6,(anonymous_22)
FNDA:1,(anonymous_23)
FNDA:2,(anonymous_24)
FNDA:2,(anonymous_25)
FNDA:2,(anonymous_26)
FNDA:1,(anonymous_27)
FNDA:1,(anonymous_28)
FNDA:1,(anonymous_29)
DA:20,7
DA:31,7
DA:43,7
DA:44,2
DA:45,3
DA:60,7
DA:61,2
DA:62,2
DA:75,7
DA:87,7
DA:89,7
DA:107,7
DA:109,7
DA:132,7
DA:133,63
DA:144,7
DA:160,7
DA:161,2
DA:162,6
DA:165,2
DA:180,7
DA:181,2
DA:183,6
DA:203,7
DA:204,3
DA:205,3
DA:206,6
DA:207,3
DA:208,9
DA:211,3
DA:226,7
DA:227,2
DA:229,6
DA:242,7
DA:243,1
DA:244,2
DA:246,2
DA:247,2
DA:263,7
DA:264,2
DA:265,2
DA:266,2
DA:268,2
DA:280,7
DA:291,7
LF:45
LH:45
BRDA:44,0,0,1
BRDA:44,0,1,1
BRDA:61,1,0,2
BRDA:61,1,1,1
BRDA:89,2,0,7
BRDA:89,2,1,0
BRDA:109,3,0,7
BRDA:109,3,1,0
BRDA:132,4,0,1
BRDA:132,5,0,2
BRDA:132,6,0,5
BRDA:133,7,0,33
BRDA:133,7,1,30
BRDA:133,8,0,63
BRDA:133,8,1,49
BRDA:160,9,0,1
BRDA:160,10,0,1
BRDA:160,11,0,1
BRDA:163,12,0,2
BRDA:163,12,1,0
BRDA:181,13,0,1
BRDA:181,13,1,1
BRDA:205,14,0,2
BRDA:205,14,1,1
BRDA:206,15,0,2
BRDA:206,15,1,1
BRDA:209,16,0,1
BRDA:209,16,1,2
BRDA:211,17,0,1
BRDA:211,17,1,2
BRDA:265,18,0,2
BRDA:265,18,1,0
BRF:32
BRH:28
end_of_record
TN:
SF:C:\Users\Administrator.USER-20180712SB\Desktop\usuallyjs\src\type.js
FN:12,(anonymous_0)
FN:34,(anonymous_1)
FN:48,(anonymous_2)
FN:62,(anonymous_3)
FN:76,(anonymous_4)
FN:90,(anonymous_5)
FN:101,(anonymous_6)
FN:115,(anonymous_7)
FN:129,(anonymous_8)
FN:146,(anonymous_9)
FNF:10
FNH:10
FNDA:3,(anonymous_0)
FNDA:4,(anonymous_1)
FNDA:2,(anonymous_2)
FNDA:15,(anonymous_3)
FNDA:8,(anonymous_4)
FNDA:2,(anonymous_5)
FNDA:2,(anonymous_6)
FNDA:11,(anonymous_7)
FNDA:7,(anonymous_8)
FNDA:9,(anonymous_9)
DA:12,7
DA:13,3
DA:34,7
DA:48,7
DA:62,15
DA:76,8
DA:90,7
DA:101,7
DA:115,11
DA:129,7
DA:146,9
LF:11
LH:11
BRDA:13,0,0,1
BRDA:13,0,1,2
BRDA:13,1,0,1
BRDA:13,1,1,1
BRDA:146,2,0,9
BRDA:146,2,1,4
BRF:6
BRH:6
end_of_record
